<?xml version="1.0" encoding="UTF-8"?>
<robot generator="Robot 4.1.3 (Python 3.7.5 on win32)" generated="20220106 15:25:46.258" rpa="true" schemaversion="2">
<suite id="s1" name="Tasks" source="e:\Robot\Orderobot\tasks.robot">
<test id="s1-t1" name="Web store order">
<kw name="open robot order website">
<kw name="Open Available Browser" library="RPA.Browser.Selenium">
<arg>${Order_url}</arg>
<doc>Attempts to open a browser on the user's device from a set of
supported browsers. Automatically downloads a corresponding webdriver
if none is already installed.</doc>
<msg timestamp="20220106 15:26:03.139" level="INFO">Creating an instance of the Chrome WebDriver.</msg>
<msg timestamp="20220106 15:26:03.248" level="INFO">Created download root directory: C:\Users\yaraz\AppData\Local\robocorp\webdrivers</msg>
<msg timestamp="20220106 15:26:03.249" level="INFO">Created symlink directory: C:\Users\yaraz\AppData\Local\robocorp\webdrivers</msg>
<msg timestamp="20220106 15:26:03.251" level="INFO">Creating an instance of the Chrome WebDriver.</msg>
<msg timestamp="20220106 15:26:21.814" level="INFO">Created Chrome browser with arguments: --disable-dev-shm-usage --disable-web-security --allow-running-insecure-content --no-sandbox</msg>
<msg timestamp="20220106 15:26:21.815" level="INFO" html="true">&lt;p&gt;Attempted combinations:&lt;/p&gt;&lt;div class="doc"&gt;&lt;table&gt;&lt;tr&gt;&lt;th&gt;Browser&lt;/th&gt;&lt;th&gt;Download&lt;/th&gt;&lt;th&gt;Error&lt;/th&gt;&lt;/tr&gt;&lt;tr&gt;&lt;td&gt;Chrome&lt;/td&gt;&lt;td&gt;False&lt;/td&gt;&lt;td&gt;Message: 'chromedriver' executable needs to be in PATH. Please see https://sites.google.com/a/chromium.org/chromedriver/home
&lt;/td&gt;&lt;/tr&gt;&lt;tr&gt;&lt;td&gt;Chrome&lt;/td&gt;&lt;td&gt;True&lt;/td&gt;&lt;td&gt;&lt;/td&gt;&lt;/tr&gt;&lt;/table&gt;&lt;/div&gt;</msg>
<msg timestamp="20220106 15:26:21.816" level="INFO">Opening url 'https://robotsparebinindustries.com/#/robot-order'</msg>
<status status="PASS" starttime="20220106 15:26:03.130" endtime="20220106 15:26:25.116"/>
</kw>
<kw name="Maximize Browser Window" library="RPA.Browser.Selenium">
<doc>Maximizes current browser window.</doc>
<status status="PASS" starttime="20220106 15:26:25.123" endtime="20220106 15:26:25.384"/>
</kw>
<kw name="Click Button" library="RPA.Browser.Selenium">
<arg>css:button.btn.btn-dark</arg>
<doc>Clicks the button identified by ``locator``.</doc>
<msg timestamp="20220106 15:26:25.399" level="INFO">Clicking button 'css:button.btn.btn-dark'.</msg>
<status status="PASS" starttime="20220106 15:26:25.391" endtime="20220106 15:26:25.897"/>
</kw>
<status status="PASS" starttime="20220106 15:26:03.120" endtime="20220106 15:26:25.899"/>
</kw>
<kw name="Process orders">
<kw name="Download" library="RPA.HTTP">
<arg>url=${Orders_csvpath}</arg>
<arg>target_file=${Orders_csv}</arg>
<arg>overwrite=True</arg>
<doc>An alias for the ``HTTP Get`` keyword.</doc>
<msg timestamp="20220106 15:26:25.922" level="INFO">Creating a new HTTP session</msg>
<msg timestamp="20220106 15:26:25.922" level="INFO">Creating Session using : alias=rpasession_alias.httpsrobotsparebinindustries.com, url=https://robotsparebinindustries.com, headers={},                     cookies={}, auth=None, timeout=None, proxies=None, verify=True,                     debug=0 </msg>
<msg timestamp="20220106 15:26:27.332" level="INFO">GET Request : url=https://robotsparebinindustries.com/orders.csv 
 path_url=/orders.csv 
 headers={'User-Agent': 'python-requests/2.26.0', 'Accept-Encoding': 'gzip, deflate', 'Accept': '*/*', 'Connection': 'keep-alive'} 
 body=None 
 </msg>
<msg timestamp="20220106 15:26:27.335" level="INFO">GET Response : url=https://robotsparebinindustries.com/orders.csv 
 status=200, reason=OK 
 headers={'Connection': 'keep-alive', 'Content-Length': '199', 'Server': 'GitHub.com', 'Content-Type': 'text/csv; charset=utf-8', 'Last-Modified': 'Fri, 13 Aug 2021 11:27:04 GMT', 'Access-Control-Allow-Origin': '*', 'Strict-Transport-Security': 'max-age=31556952', 'ETag': 'W/"61165708-19c"', 'expires': 'Thu, 06 Jan 2022 05:43:01 GMT', 'Cache-Control': 'max-age=600', 'Content-Encoding': 'gzip', 'x-proxy-cache': 'MISS', 'X-GitHub-Request-Id': '3DEC:5CF8:19939B6:326D97F:61D67F0D', 'Accept-Ranges': 'bytes', 'Date': 'Thu, 06 Jan 2022 09:56:27 GMT', 'Via': '1.1 varnish', 'Age': '132', 'X-Served-By': 'cache-maa10224-MAA', 'X-Cache': 'HIT', 'X-Cache-Hits': '1', 'X-Timer': 'S1641462987.999834,VS0,VE0', 'Vary': 'Accept-Encoding', 'X-Fastly-Request-ID': '9be3f90d5563d7b9a320bdbee5f168da48a1801b'} 
 body=Order number,Head,Body,Legs,Address
1,1,2,3,Address 123
2,4,1,5,Address 456
3,6,2,3,Address 789
4,2,3,2,Address 1
5,3,5,1,Address 2
6,1,6,6,Address 3
7,5,1,5,Address 4
8,2,3,3,Address 5
9,3,2,2,Address 6
10,4,4,2,Address 7
11,6,6,1,Address 8
12,1,3,3,Address 9
13,1,5,4,Address A
14,3,1,5,Address B
15,3,2,6,Address C
16,6,3,6,Address D
17,5,4,1,Address E
18,2,5,1,Address F
19,4,6,2,Address G
20,1,1,5,Address H 
 </msg>
<status status="PASS" starttime="20220106 15:26:25.909" endtime="20220106 15:26:27.342"/>
</kw>
<kw name="Read table from CSV" library="RPA.Tables">
<var>${table}</var>
<arg>path=${Orders_csv}</arg>
<doc>Read a CSV file as a table.</doc>
<msg timestamp="20220106 15:26:27.462" level="INFO">${table} = Table(columns=['Order number', 'Head', 'Body', 'Legs', 'Address'], rows=20)</msg>
<status status="PASS" starttime="20220106 15:26:27.349" endtime="20220106 15:26:27.463"/>
</kw>
<status status="PASS" starttime="20220106 15:26:25.903" endtime="20220106 15:26:27.471"/>
</kw>
<kw name="Process orders">
<var>${order}</var>
<kw name="Download" library="RPA.HTTP">
<arg>url=${Orders_csvpath}</arg>
<arg>target_file=${Orders_csv}</arg>
<arg>overwrite=True</arg>
<doc>An alias for the ``HTTP Get`` keyword.</doc>
<msg timestamp="20220106 15:26:27.493" level="INFO">Using already existing HTTP session</msg>
<msg timestamp="20220106 15:26:27.652" level="INFO">GET Request : url=https://robotsparebinindustries.com/orders.csv 
 path_url=/orders.csv 
 headers={'User-Agent': 'python-requests/2.26.0', 'Accept-Encoding': 'gzip, deflate', 'Accept': '*/*', 'Connection': 'keep-alive'} 
 body=None 
 </msg>
<msg timestamp="20220106 15:26:27.655" level="INFO">GET Response : url=https://robotsparebinindustries.com/orders.csv 
 status=200, reason=OK 
 headers={'Connection': 'keep-alive', 'Content-Length': '199', 'Server': 'GitHub.com', 'Content-Type': 'text/csv; charset=utf-8', 'Last-Modified': 'Fri, 13 Aug 2021 11:27:04 GMT', 'Access-Control-Allow-Origin': '*', 'Strict-Transport-Security': 'max-age=31556952', 'ETag': 'W/"61165708-19c"', 'expires': 'Thu, 06 Jan 2022 05:43:01 GMT', 'Cache-Control': 'max-age=600', 'Content-Encoding': 'gzip', 'x-proxy-cache': 'MISS', 'X-GitHub-Request-Id': '3DEC:5CF8:19939B6:326D97F:61D67F0D', 'Accept-Ranges': 'bytes', 'Date': 'Thu, 06 Jan 2022 09:56:27 GMT', 'Via': '1.1 varnish', 'Age': '133', 'X-Served-By': 'cache-maa10224-MAA', 'X-Cache': 'HIT', 'X-Cache-Hits': '2', 'X-Timer': 'S1641462988.550593,VS0,VE0', 'Vary': 'Accept-Encoding', 'X-Fastly-Request-ID': '765d1bb354b3b2caf7080390c20cbd47c1b82248'} 
 body=Order number,Head,Body,Legs,Address
1,1,2,3,Address 123
2,4,1,5,Address 456
3,6,2,3,Address 789
4,2,3,2,Address 1
5,3,5,1,Address 2
6,1,6,6,Address 3
7,5,1,5,Address 4
8,2,3,3,Address 5
9,3,2,2,Address 6
10,4,4,2,Address 7
11,6,6,1,Address 8
12,1,3,3,Address 9
13,1,5,4,Address A
14,3,1,5,Address B
15,3,2,6,Address C
16,6,3,6,Address D
17,5,4,1,Address E
18,2,5,1,Address F
19,4,6,2,Address G
20,1,1,5,Address H 
 </msg>
<status status="PASS" starttime="20220106 15:26:27.485" endtime="20220106 15:26:27.661"/>
</kw>
<kw name="Read table from CSV" library="RPA.Tables">
<var>${table}</var>
<arg>path=${Orders_csv}</arg>
<doc>Read a CSV file as a table.</doc>
<msg timestamp="20220106 15:26:27.714" level="INFO">${table} = Table(columns=['Order number', 'Head', 'Body', 'Legs', 'Address'], rows=20)</msg>
<status status="PASS" starttime="20220106 15:26:27.666" endtime="20220106 15:26:27.714"/>
</kw>
<msg timestamp="20220106 15:26:27.719" level="INFO">${order} = Table(columns=['Order number', 'Head', 'Body', 'Legs', 'Address'], rows=20)</msg>
<status status="PASS" starttime="20220106 15:26:27.478" endtime="20220106 15:26:27.719"/>
</kw>
<for flavor="IN">
<var>${row}</var>
<value>@{order}</value>
<iter>
<var name="${row}">{'Order number': '1', 'Head': '1', 'Body': '2', 'Legs': '3', 'Address': 'Address 123'}</var>
<kw name="Fill the form">
<arg>${row}</arg>
<kw name="Set Local Variable" library="BuiltIn">
<arg>${order_no}</arg>
<arg>${myrow}[Order number]</arg>
<doc>Makes a variable available everywhere within the local scope.</doc>
<msg timestamp="20220106 15:26:27.768" level="INFO">${order_no} = 1</msg>
<status status="PASS" starttime="20220106 15:26:27.753" endtime="20220106 15:26:27.768"/>
</kw>
<kw name="Set Local Variable" library="BuiltIn">
<arg>${head}</arg>
<arg>${myrow}[Head]</arg>
<doc>Makes a variable available everywhere within the local scope.</doc>
<msg timestamp="20220106 15:26:27.784" level="INFO">${head} = 1</msg>
<status status="PASS" starttime="20220106 15:26:27.771" endtime="20220106 15:26:27.785"/>
</kw>
<kw name="Set Local Variable" library="BuiltIn">
<arg>${body}</arg>
<arg>${myrow}[Body]</arg>
<doc>Makes a variable available everywhere within the local scope.</doc>
<msg timestamp="20220106 15:26:27.803" level="INFO">${body} = 2</msg>
<status status="PASS" starttime="20220106 15:26:27.789" endtime="20220106 15:26:27.804"/>
</kw>
<kw name="Set Local Variable" library="BuiltIn">
<arg>${legs}</arg>
<arg>${myrow}[Legs]</arg>
<doc>Makes a variable available everywhere within the local scope.</doc>
<msg timestamp="20220106 15:26:27.821" level="INFO">${legs} = 3</msg>
<status status="PASS" starttime="20220106 15:26:27.807" endtime="20220106 15:26:27.822"/>
</kw>
<kw name="Set Local Variable" library="BuiltIn">
<arg>${address}</arg>
<arg>${myrow}[Address]</arg>
<doc>Makes a variable available everywhere within the local scope.</doc>
<msg timestamp="20220106 15:26:27.838" level="INFO">${address} = Address 123</msg>
<status status="PASS" starttime="20220106 15:26:27.825" endtime="20220106 15:26:27.839"/>
</kw>
<kw name="Set Local Variable" library="BuiltIn">
<arg>${input_head}</arg>
<arg>//*[@id="head"]</arg>
<doc>Makes a variable available everywhere within the local scope.</doc>
<msg timestamp="20220106 15:26:27.854" level="INFO">${input_head} = //*[@id="head"]</msg>
<status status="PASS" starttime="20220106 15:26:27.841" endtime="20220106 15:26:27.855"/>
</kw>
<kw name="Set Local Variable" library="BuiltIn">
<arg>${input_body}</arg>
<arg>body</arg>
<doc>Makes a variable available everywhere within the local scope.</doc>
<msg timestamp="20220106 15:26:27.870" level="INFO">${input_body} = body</msg>
<status status="PASS" starttime="20220106 15:26:27.858" endtime="20220106 15:26:27.871"/>
</kw>
<kw name="Set Local Variable" library="BuiltIn">
<arg>${input_legs}</arg>
<arg>xpath://html/body/div/div/div[1]/div/div[1]/form/div[3]/input</arg>
<doc>Makes a variable available everywhere within the local scope.</doc>
<msg timestamp="20220106 15:26:27.887" level="INFO">${input_legs} = xpath://html/body/div/div/div[1]/div/div[1]/form/div[3]/input</msg>
<status status="PASS" starttime="20220106 15:26:27.874" endtime="20220106 15:26:27.887"/>
</kw>
<kw name="Set Local Variable" library="BuiltIn">
<arg>${input_address}</arg>
<arg>//*[@id="address"]</arg>
<doc>Makes a variable available everywhere within the local scope.</doc>
<msg timestamp="20220106 15:26:27.904" level="INFO">${input_address} = //*[@id="address"]</msg>
<status status="PASS" starttime="20220106 15:26:27.890" endtime="20220106 15:26:27.905"/>
</kw>
<kw name="Set Local Variable" library="BuiltIn">
<arg>${preview}</arg>
<arg>//*[@id="preview"]</arg>
<doc>Makes a variable available everywhere within the local scope.</doc>
<msg timestamp="20220106 15:26:27.921" level="INFO">${preview} = //*[@id="preview"]</msg>
<status status="PASS" starttime="20220106 15:26:27.907" endtime="20220106 15:26:27.921"/>
</kw>
<kw name="Set Local Variable" library="BuiltIn">
<arg>${order}</arg>
<arg>//*[@id="order"]</arg>
<doc>Makes a variable available everywhere within the local scope.</doc>
<msg timestamp="20220106 15:26:27.939" level="INFO">${order} = //*[@id="order"]</msg>
<status status="PASS" starttime="20220106 15:26:27.924" endtime="20220106 15:26:27.940"/>
</kw>
<kw name="Wait Until Element Is Visible" library="RPA.Browser.Selenium">
<arg>${input_head}</arg>
<doc>Waits until the element ``locator`` is visible.</doc>
<status status="PASS" starttime="20220106 15:26:27.943" endtime="20220106 15:26:27.994"/>
</kw>
<kw name="Wait Until Element Is Enabled" library="RPA.Browser.Selenium">
<arg>${input_head}</arg>
<doc>Waits until the element ``locator`` is enabled.</doc>
<status status="PASS" starttime="20220106 15:26:27.997" endtime="20220106 15:26:28.156"/>
</kw>
<kw name="Select From List By Value" library="RPA.Browser.Selenium">
<arg>${input_head}</arg>
<arg>${head}</arg>
<doc>Selects options from selection list ``locator`` by ``values``.</doc>
<msg timestamp="20220106 15:26:28.169" level="INFO">Selecting options from selection list '//*[@id="head"]' by value 1.</msg>
<status status="PASS" starttime="20220106 15:26:28.162" endtime="20220106 15:26:28.330"/>
</kw>
<kw name="Wait Until Element Is Enabled" library="RPA.Browser.Selenium">
<arg>${input_body}</arg>
<doc>Waits until the element ``locator`` is enabled.</doc>
<status status="PASS" starttime="20220106 15:26:28.336" endtime="20220106 15:26:28.409"/>
</kw>
<kw name="Select Radio Button" library="RPA.Browser.Selenium">
<arg>${input_body}</arg>
<arg>${body}</arg>
<doc>Sets the radio button group ``group_name`` to ``value``.</doc>
<msg timestamp="20220106 15:26:28.416" level="INFO">Selecting '2' from radio button 'body'.</msg>
<status status="PASS" starttime="20220106 15:26:28.411" endtime="20220106 15:26:28.556"/>
</kw>
<kw name="Wait Until Element Is Enabled" library="RPA.Browser.Selenium">
<arg>${input_legs}</arg>
<doc>Waits until the element ``locator`` is enabled.</doc>
<status status="PASS" starttime="20220106 15:26:28.561" endtime="20220106 15:26:28.622"/>
</kw>
<kw name="Input Text" library="RPA.Browser.Selenium">
<arg>${input_legs}</arg>
<arg>${legs}</arg>
<doc>Types the given ``text`` into the text field identified by ``locator``.</doc>
<msg timestamp="20220106 15:26:28.631" level="INFO">Typing text '3' into text field 'xpath://html/body/div/div/div[1]/div/div[1]/form/div[3]/input'.</msg>
<status status="PASS" starttime="20220106 15:26:28.626" endtime="20220106 15:26:29.726"/>
</kw>
<kw name="Wait Until Element Is Enabled" library="RPA.Browser.Selenium">
<arg>${input_address}</arg>
<doc>Waits until the element ``locator`` is enabled.</doc>
<status status="PASS" starttime="20220106 15:26:29.730" endtime="20220106 15:26:29.786"/>
</kw>
<kw name="Input Text" library="RPA.Browser.Selenium">
<arg>${input_address}</arg>
<arg>${address}</arg>
<doc>Types the given ``text`` into the text field identified by ``locator``.</doc>
<msg timestamp="20220106 15:26:29.792" level="INFO">Typing text 'Address 123' into text field '//*[@id="address"]'.</msg>
<status status="PASS" starttime="20220106 15:26:29.788" endtime="20220106 15:26:29.958"/>
</kw>
<status status="PASS" starttime="20220106 15:26:27.740" endtime="20220106 15:26:29.961"/>
</kw>
<kw name="Wait Until Keyword Succeeds" library="BuiltIn">
<arg>10x</arg>
<arg>1s</arg>
<arg>check the robots</arg>
<doc>Runs the specified keyword and retries if it fails.</doc>
<kw name="check the robots">
<kw name="Set Local Variable" library="BuiltIn">
<arg>${preview}</arg>
<arg>//*[@id="preview"]</arg>
<doc>Makes a variable available everywhere within the local scope.</doc>
<msg timestamp="20220106 15:26:29.986" level="INFO">${preview} = //*[@id="preview"]</msg>
<status status="PASS" starttime="20220106 15:26:29.975" endtime="20220106 15:26:29.988"/>
</kw>
<kw name="Set Local Variable" library="BuiltIn">
<arg>${img_preview}</arg>
<arg>//*[@id="robot-preview-image"]</arg>
<doc>Makes a variable available everywhere within the local scope.</doc>
<msg timestamp="20220106 15:26:30.007" level="INFO">${img_preview} = //*[@id="robot-preview-image"]</msg>
<status status="PASS" starttime="20220106 15:26:29.992" endtime="20220106 15:26:30.008"/>
</kw>
<kw name="Click Button" library="RPA.Browser.Selenium">
<arg>${preview}</arg>
<doc>Clicks the button identified by ``locator``.</doc>
<msg timestamp="20220106 15:26:30.015" level="INFO">Clicking button '//*[@id="preview"]'.</msg>
<status status="PASS" starttime="20220106 15:26:30.011" endtime="20220106 15:26:30.147"/>
</kw>
<kw name="Wait Until Element Is Visible" library="RPA.Browser.Selenium">
<arg>${img_preview}</arg>
<doc>Waits until the element ``locator`` is visible.</doc>
<status status="PASS" starttime="20220106 15:26:30.152" endtime="20220106 15:26:30.212"/>
</kw>
<kw name="Sleep" library="BuiltIn">
<arg>1s</arg>
<doc>Pauses the test executed for the given time.</doc>
<msg timestamp="20220106 15:26:31.230" level="INFO">Slept 1 second</msg>
<status status="PASS" starttime="20220106 15:26:30.215" endtime="20220106 15:26:31.231"/>
</kw>
<status status="PASS" starttime="20220106 15:26:29.967" endtime="20220106 15:26:31.238"/>
</kw>
<status status="PASS" starttime="20220106 15:26:29.964" endtime="20220106 15:26:31.242"/>
</kw>
<kw name="Wait Until Keyword Succeeds" library="BuiltIn">
<arg>10x</arg>
<arg>1s</arg>
<arg>Submited</arg>
<doc>Runs the specified keyword and retries if it fails.</doc>
<kw name="Submited">
<kw name="Set Local Variable" library="BuiltIn">
<arg>${order}</arg>
<arg>//*[@id="order"]</arg>
<doc>Makes a variable available everywhere within the local scope.</doc>
<msg timestamp="20220106 15:26:31.273" level="INFO">${order} = //*[@id="order"]</msg>
<status status="PASS" starttime="20220106 15:26:31.261" endtime="20220106 15:26:31.273"/>
</kw>
<kw name="Set Local Variable" library="BuiltIn">
<arg>${receipt}</arg>
<arg>//*[@id="receipt"]</arg>
<doc>Makes a variable available everywhere within the local scope.</doc>
<msg timestamp="20220106 15:26:31.289" level="INFO">${receipt} = //*[@id="receipt"]</msg>
<status status="PASS" starttime="20220106 15:26:31.276" endtime="20220106 15:26:31.289"/>
</kw>
<kw name="Mute Run On Failure" library="RPA.RobotLogListener">
<arg>Page Should Contain Element</arg>
<doc>Set keywords which should not execute `SeleniumLibrary`
default behaviour of running keyword on failure.</doc>
<kw name="Get Library Instance" library="BuiltIn">
<arg>RPA.Browser</arg>
<doc>Returns the currently active instance of the specified test library.</doc>
<msg timestamp="20220106 15:26:31.304" level="FAIL">No library 'RPA.Browser' found.</msg>
<status status="FAIL" starttime="20220106 15:26:31.296" endtime="20220106 15:26:31.305"/>
</kw>
<kw name="Get Library Instance" library="BuiltIn">
<arg>RPA.Browser.Selenium</arg>
<doc>Returns the currently active instance of the specified test library.</doc>
<status status="PASS" starttime="20220106 15:26:31.308" endtime="20220106 15:26:31.311"/>
</kw>
<status status="PASS" starttime="20220106 15:26:31.292" endtime="20220106 15:26:31.313"/>
</kw>
<kw name="Click Button" library="RPA.Browser.Selenium">
<arg>${order}</arg>
<doc>Clicks the button identified by ``locator``.</doc>
<msg timestamp="20220106 15:26:31.318" level="INFO">Clicking button '//*[@id="order"]'.</msg>
<status status="PASS" starttime="20220106 15:26:31.315" endtime="20220106 15:26:31.571"/>
</kw>
<kw name="Page Should Contain Element" library="RPA.Browser.Selenium">
<arg>${receipt}</arg>
<arg>${order}</arg>
<doc>Verifies that element ``locator`` is found on the current page.</doc>
<msg timestamp="20220106 15:26:31.588" level="INFO">No keyword will be run on failure.</msg>
<msg timestamp="20220106 15:26:31.614" level="INFO">Current page contains element '//*[@id="receipt"]'.</msg>
<msg timestamp="20220106 15:26:31.616" level="INFO">Capture Page Screenshot will be run on failure.</msg>
<status status="PASS" starttime="20220106 15:26:31.581" endtime="20220106 15:26:31.615"/>
</kw>
<kw name="Sleep" library="BuiltIn">
<arg>1s</arg>
<doc>Pauses the test executed for the given time.</doc>
<msg timestamp="20220106 15:26:32.628" level="INFO">Slept 1 second</msg>
<status status="PASS" starttime="20220106 15:26:31.618" endtime="20220106 15:26:32.630"/>
</kw>
<status status="PASS" starttime="20220106 15:26:31.256" endtime="20220106 15:26:32.636"/>
</kw>
<status status="PASS" starttime="20220106 15:26:31.249" endtime="20220106 15:26:32.640"/>
</kw>
<kw name="Store PDF file">
<var>${pdf}</var>
<arg>${row}[Order number]</arg>
<kw name="Get Element Attribute" library="RPA.Browser.Selenium">
<var>${pdf_file}</var>
<arg>id:receipt</arg>
<arg>outerHTML</arg>
<doc>Returns the value of ``attribute`` from the element ``locator``.</doc>
<msg timestamp="20220106 15:26:32.703" level="INFO">${pdf_file} = &lt;div id="receipt" class="alert alert-success" role="alert"&gt;&lt;h3&gt;Receipt&lt;/h3&gt;&lt;div&gt;2022-01-06T09:56:31.424Z&lt;/div&gt;&lt;p class="badge badge-success"&gt;RSB-ROBO-ORDER-F9J6QTHWAQ&lt;/p&gt;&lt;p&gt;Address 123&lt;/p&gt;&lt;div id="par...</msg>
<status status="PASS" starttime="20220106 15:26:32.656" endtime="20220106 15:26:32.704"/>
</kw>
<kw name="Html To Pdf" library="RPA.PDF">
<arg>${pdf_file}</arg>
<arg>e:\\Robot\\Orderobot${/}result${/}Order_${myrow}.pdf</arg>
<doc>Generate a PDF file from HTML content.</doc>
<msg timestamp="20220106 15:26:32.821" level="INFO">Writing output to file E:\Robot\Orderobot\result\Order_1.pdf</msg>
<status status="PASS" starttime="20220106 15:26:32.708" endtime="20220106 15:26:33.919"/>
</kw>
<msg timestamp="20220106 15:26:33.924" level="INFO">${pdf} = e:\Robot\Orderobot\result\Order_1.pdf</msg>
<status status="PASS" starttime="20220106 15:26:32.646" endtime="20220106 15:26:33.925"/>
</kw>
<kw name="Take a screenshot">
<var>${screenshot}</var>
<arg>${row}[Order number]</arg>
<kw name="Capture Element Screenshot" library="RPA.Browser.Selenium">
<arg>//*[@id="robot-preview-image"]</arg>
<arg>e:\\Robot\\Orderobot${/}image${/}Order_${row}.png</arg>
<doc>Captures a screenshot from the element identified by ``locator`` and embeds it into log file.</doc>
<msg timestamp="20220106 15:26:34.267" level="INFO" html="true">&lt;/td&gt;&lt;/tr&gt;&lt;tr&gt;&lt;td colspan="3"&gt;&lt;a href="file:///E:/Robot/Orderobot/image/Order_1.png"&gt;&lt;img src="file:///E:/Robot/Orderobot/image/Order_1.png" width="400px"&gt;&lt;/a&gt;</msg>
<status status="PASS" starttime="20220106 15:26:33.932" endtime="20220106 15:26:34.270"/>
</kw>
<msg timestamp="20220106 15:26:34.279" level="INFO">${screenshot} = e:\Robot\Orderobot\image\Order_1.png</msg>
<status status="PASS" starttime="20220106 15:26:33.927" endtime="20220106 15:26:34.280"/>
</kw>
<kw name="screenshot to the PDF file">
<arg>${row}[Order number]</arg>
<kw name="Create List" library="BuiltIn">
<var>${screenshot}</var>
<arg>e:\\Robot\\Orderobot${/}image${/}Order_${row}.png</arg>
<doc>Returns a list containing given items.</doc>
<msg timestamp="20220106 15:26:34.297" level="INFO">${screenshot} = ['e:\\Robot\\Orderobot\\image\\Order_1.png']</msg>
<status status="PASS" starttime="20220106 15:26:34.293" endtime="20220106 15:26:34.298"/>
</kw>
<kw name="Add Files To Pdf" library="RPA.PDF">
<arg>${screenshot}</arg>
<arg>e:\\Robot\\Orderobot${/}result${/}Order_${row}.pdf</arg>
<arg>True</arg>
<doc>Add images and/or pdfs to new PDF document</doc>
<msg timestamp="20220106 15:26:34.396" level="INFO">Adding page: 0</msg>
<msg timestamp="20220106 15:26:34.398" level="INFO">File e:\Robot\Orderobot\image\Order_1.png type: png</msg>
<msg timestamp="20220106 15:26:34.400" level="INFO">Image parameters: {}</msg>
<status status="PASS" starttime="20220106 15:26:34.301" endtime="20220106 15:26:38.657"/>
</kw>
<status status="PASS" starttime="20220106 15:26:34.287" endtime="20220106 15:26:38.669"/>
</kw>
<kw name="Go to order another robot">
<kw name="Set Local Variable" library="BuiltIn">
<arg>${order_another_robot}</arg>
<arg>//*[@id="order-another"]</arg>
<doc>Makes a variable available everywhere within the local scope.</doc>
<msg timestamp="20220106 15:26:38.691" level="INFO">${order_another_robot} = //*[@id="order-another"]</msg>
<status status="PASS" starttime="20220106 15:26:38.677" endtime="20220106 15:26:38.692"/>
</kw>
<kw name="Click Button" library="RPA.Browser.Selenium">
<arg>${order_another_robot}</arg>
<doc>Clicks the button identified by ``locator``.</doc>
<msg timestamp="20220106 15:26:38.699" level="INFO">Clicking button '//*[@id="order-another"]'.</msg>
<status status="PASS" starttime="20220106 15:26:38.694" endtime="20220106 15:26:39.319"/>
</kw>
<kw name="Sleep" library="BuiltIn">
<arg>1s</arg>
<doc>Pauses the test executed for the given time.</doc>
<msg timestamp="20220106 15:26:40.337" level="INFO">Slept 1 second</msg>
<status status="PASS" starttime="20220106 15:26:39.323" endtime="20220106 15:26:40.339"/>
</kw>
<status status="PASS" starttime="20220106 15:26:38.672" endtime="20220106 15:26:40.345"/>
</kw>
<kw name="annoying model">
<kw name="Set Local Variable" library="BuiltIn">
<arg>${btn_yep}</arg>
<arg>//*[@id="root"]/div/div[2]/div/div/div/div/div/button[2]</arg>
<doc>Makes a variable available everywhere within the local scope.</doc>
<msg timestamp="20220106 15:26:40.381" level="INFO">${btn_yep} = //*[@id="root"]/div/div[2]/div/div/div/div/div/button[2]</msg>
<status status="PASS" starttime="20220106 15:26:40.359" endtime="20220106 15:26:40.382"/>
</kw>
<kw name="Wait And Click Button" library="RPA.Browser.Selenium">
<arg>${btn_yep}</arg>
<doc>Click button identified by ``locator``, once it becomes visible.</doc>
<msg timestamp="20220106 15:26:40.435" level="INFO">Clicking button '//*[@id="root"]/div/div[2]/div/div/div/div/div/button[2]'.</msg>
<status status="PASS" starttime="20220106 15:26:40.384" endtime="20220106 15:26:40.547"/>
</kw>
<status status="PASS" starttime="20220106 15:26:40.350" endtime="20220106 15:26:40.549"/>
</kw>
<status status="PASS" starttime="20220106 15:26:27.737" endtime="20220106 15:26:40.551"/>
</iter>
<iter>
<var name="${row}">{'Order number': '2', 'Head': '4', 'Body': '1', 'Legs': '5', 'Address': 'Address 456'}</var>
<kw name="Fill the form">
<arg>${row}</arg>
<kw name="Set Local Variable" library="BuiltIn">
<arg>${order_no}</arg>
<arg>${myrow}[Order number]</arg>
<doc>Makes a variable available everywhere within the local scope.</doc>
<msg timestamp="20220106 15:26:40.576" level="INFO">${order_no} = 2</msg>
<status status="PASS" starttime="20220106 15:26:40.563" endtime="20220106 15:26:40.577"/>
</kw>
<kw name="Set Local Variable" library="BuiltIn">
<arg>${head}</arg>
<arg>${myrow}[Head]</arg>
<doc>Makes a variable available everywhere within the local scope.</doc>
<msg timestamp="20220106 15:26:40.592" level="INFO">${head} = 4</msg>
<status status="PASS" starttime="20220106 15:26:40.580" endtime="20220106 15:26:40.593"/>
</kw>
<kw name="Set Local Variable" library="BuiltIn">
<arg>${body}</arg>
<arg>${myrow}[Body]</arg>
<doc>Makes a variable available everywhere within the local scope.</doc>
<msg timestamp="20220106 15:26:40.607" level="INFO">${body} = 1</msg>
<status status="PASS" starttime="20220106 15:26:40.595" endtime="20220106 15:26:40.608"/>
</kw>
<kw name="Set Local Variable" library="BuiltIn">
<arg>${legs}</arg>
<arg>${myrow}[Legs]</arg>
<doc>Makes a variable available everywhere within the local scope.</doc>
<msg timestamp="20220106 15:26:40.627" level="INFO">${legs} = 5</msg>
<status status="PASS" starttime="20220106 15:26:40.612" endtime="20220106 15:26:40.628"/>
</kw>
<kw name="Set Local Variable" library="BuiltIn">
<arg>${address}</arg>
<arg>${myrow}[Address]</arg>
<doc>Makes a variable available everywhere within the local scope.</doc>
<msg timestamp="20220106 15:26:40.645" level="INFO">${address} = Address 456</msg>
<status status="PASS" starttime="20220106 15:26:40.630" endtime="20220106 15:26:40.646"/>
</kw>
<kw name="Set Local Variable" library="BuiltIn">
<arg>${input_head}</arg>
<arg>//*[@id="head"]</arg>
<doc>Makes a variable available everywhere within the local scope.</doc>
<msg timestamp="20220106 15:26:40.664" level="INFO">${input_head} = //*[@id="head"]</msg>
<status status="PASS" starttime="20220106 15:26:40.648" endtime="20220106 15:26:40.665"/>
</kw>
<kw name="Set Local Variable" library="BuiltIn">
<arg>${input_body}</arg>
<arg>body</arg>
<doc>Makes a variable available everywhere within the local scope.</doc>
<msg timestamp="20220106 15:26:40.681" level="INFO">${input_body} = body</msg>
<status status="PASS" starttime="20220106 15:26:40.667" endtime="20220106 15:26:40.682"/>
</kw>
<kw name="Set Local Variable" library="BuiltIn">
<arg>${input_legs}</arg>
<arg>xpath://html/body/div/div/div[1]/div/div[1]/form/div[3]/input</arg>
<doc>Makes a variable available everywhere within the local scope.</doc>
<msg timestamp="20220106 15:26:40.697" level="INFO">${input_legs} = xpath://html/body/div/div/div[1]/div/div[1]/form/div[3]/input</msg>
<status status="PASS" starttime="20220106 15:26:40.684" endtime="20220106 15:26:40.698"/>
</kw>
<kw name="Set Local Variable" library="BuiltIn">
<arg>${input_address}</arg>
<arg>//*[@id="address"]</arg>
<doc>Makes a variable available everywhere within the local scope.</doc>
<msg timestamp="20220106 15:26:40.714" level="INFO">${input_address} = //*[@id="address"]</msg>
<status status="PASS" starttime="20220106 15:26:40.701" endtime="20220106 15:26:40.715"/>
</kw>
<kw name="Set Local Variable" library="BuiltIn">
<arg>${preview}</arg>
<arg>//*[@id="preview"]</arg>
<doc>Makes a variable available everywhere within the local scope.</doc>
<msg timestamp="20220106 15:26:40.732" level="INFO">${preview} = //*[@id="preview"]</msg>
<status status="PASS" starttime="20220106 15:26:40.718" endtime="20220106 15:26:40.732"/>
</kw>
<kw name="Set Local Variable" library="BuiltIn">
<arg>${order}</arg>
<arg>//*[@id="order"]</arg>
<doc>Makes a variable available everywhere within the local scope.</doc>
<msg timestamp="20220106 15:26:40.751" level="INFO">${order} = //*[@id="order"]</msg>
<status status="PASS" starttime="20220106 15:26:40.735" endtime="20220106 15:26:40.752"/>
</kw>
<kw name="Wait Until Element Is Visible" library="RPA.Browser.Selenium">
<arg>${input_head}</arg>
<doc>Waits until the element ``locator`` is visible.</doc>
<status status="PASS" starttime="20220106 15:26:40.754" endtime="20220106 15:26:40.793"/>
</kw>
<kw name="Wait Until Element Is Enabled" library="RPA.Browser.Selenium">
<arg>${input_head}</arg>
<doc>Waits until the element ``locator`` is enabled.</doc>
<status status="PASS" starttime="20220106 15:26:40.796" endtime="20220106 15:26:40.843"/>
</kw>
<kw name="Select From List By Value" library="RPA.Browser.Selenium">
<arg>${input_head}</arg>
<arg>${head}</arg>
<doc>Selects options from selection list ``locator`` by ``values``.</doc>
<msg timestamp="20220106 15:26:40.849" level="INFO">Selecting options from selection list '//*[@id="head"]' by value 4.</msg>
<status status="PASS" starttime="20220106 15:26:40.845" endtime="20220106 15:26:40.983"/>
</kw>
<kw name="Wait Until Element Is Enabled" library="RPA.Browser.Selenium">
<arg>${input_body}</arg>
<doc>Waits until the element ``locator`` is enabled.</doc>
<status status="PASS" starttime="20220106 15:26:40.987" endtime="20220106 15:26:41.049"/>
</kw>
<kw name="Select Radio Button" library="RPA.Browser.Selenium">
<arg>${input_body}</arg>
<arg>${body}</arg>
<doc>Sets the radio button group ``group_name`` to ``value``.</doc>
<msg timestamp="20220106 15:26:41.057" level="INFO">Selecting '1' from radio button 'body'.</msg>
<status status="PASS" starttime="20220106 15:26:41.051" endtime="20220106 15:26:41.177"/>
</kw>
<kw name="Wait Until Element Is Enabled" library="RPA.Browser.Selenium">
<arg>${input_legs}</arg>
<doc>Waits until the element ``locator`` is enabled.</doc>
<status status="PASS" starttime="20220106 15:26:41.180" endtime="20220106 15:26:41.229"/>
</kw>
<kw name="Input Text" library="RPA.Browser.Selenium">
<arg>${input_legs}</arg>
<arg>${legs}</arg>
<doc>Types the given ``text`` into the text field identified by ``locator``.</doc>
<msg timestamp="20220106 15:26:41.236" level="INFO">Typing text '5' into text field 'xpath://html/body/div/div/div[1]/div/div[1]/form/div[3]/input'.</msg>
<status status="PASS" starttime="20220106 15:26:41.231" endtime="20220106 15:26:41.400"/>
</kw>
<kw name="Wait Until Element Is Enabled" library="RPA.Browser.Selenium">
<arg>${input_address}</arg>
<doc>Waits until the element ``locator`` is enabled.</doc>
<status status="PASS" starttime="20220106 15:26:41.403" endtime="20220106 15:26:41.458"/>
</kw>
<kw name="Input Text" library="RPA.Browser.Selenium">
<arg>${input_address}</arg>
<arg>${address}</arg>
<doc>Types the given ``text`` into the text field identified by ``locator``.</doc>
<msg timestamp="20220106 15:26:41.465" level="INFO">Typing text 'Address 456' into text field '//*[@id="address"]'.</msg>
<status status="PASS" starttime="20220106 15:26:41.461" endtime="20220106 15:26:41.648"/>
</kw>
<status status="PASS" starttime="20220106 15:26:40.557" endtime="20220106 15:26:41.651"/>
</kw>
<kw name="Wait Until Keyword Succeeds" library="BuiltIn">
<arg>10x</arg>
<arg>1s</arg>
<arg>check the robots</arg>
<doc>Runs the specified keyword and retries if it fails.</doc>
<kw name="check the robots">
<kw name="Set Local Variable" library="BuiltIn">
<arg>${preview}</arg>
<arg>//*[@id="preview"]</arg>
<doc>Makes a variable available everywhere within the local scope.</doc>
<msg timestamp="20220106 15:26:41.679" level="INFO">${preview} = //*[@id="preview"]</msg>
<status status="PASS" starttime="20220106 15:26:41.664" endtime="20220106 15:26:41.679"/>
</kw>
<kw name="Set Local Variable" library="BuiltIn">
<arg>${img_preview}</arg>
<arg>//*[@id="robot-preview-image"]</arg>
<doc>Makes a variable available everywhere within the local scope.</doc>
<msg timestamp="20220106 15:26:41.697" level="INFO">${img_preview} = //*[@id="robot-preview-image"]</msg>
<status status="PASS" starttime="20220106 15:26:41.682" endtime="20220106 15:26:41.697"/>
</kw>
<kw name="Click Button" library="RPA.Browser.Selenium">
<arg>${preview}</arg>
<doc>Clicks the button identified by ``locator``.</doc>
<msg timestamp="20220106 15:26:41.703" level="INFO">Clicking button '//*[@id="preview"]'.</msg>
<status status="PASS" starttime="20220106 15:26:41.700" endtime="20220106 15:26:41.832"/>
</kw>
<kw name="Wait Until Element Is Visible" library="RPA.Browser.Selenium">
<arg>${img_preview}</arg>
<doc>Waits until the element ``locator`` is visible.</doc>
<status status="PASS" starttime="20220106 15:26:41.837" endtime="20220106 15:26:41.891"/>
</kw>
<kw name="Sleep" library="BuiltIn">
<arg>1s</arg>
<doc>Pauses the test executed for the given time.</doc>
<msg timestamp="20220106 15:26:42.908" level="INFO">Slept 1 second</msg>
<status status="PASS" starttime="20220106 15:26:41.896" endtime="20220106 15:26:42.909"/>
</kw>
<status status="PASS" starttime="20220106 15:26:41.660" endtime="20220106 15:26:42.912"/>
</kw>
<status status="PASS" starttime="20220106 15:26:41.654" endtime="20220106 15:26:42.914"/>
</kw>
<kw name="Wait Until Keyword Succeeds" library="BuiltIn">
<arg>10x</arg>
<arg>1s</arg>
<arg>Submited</arg>
<doc>Runs the specified keyword and retries if it fails.</doc>
<kw name="Submited">
<kw name="Set Local Variable" library="BuiltIn">
<arg>${order}</arg>
<arg>//*[@id="order"]</arg>
<doc>Makes a variable available everywhere within the local scope.</doc>
<msg timestamp="20220106 15:26:42.936" level="INFO">${order} = //*[@id="order"]</msg>
<status status="PASS" starttime="20220106 15:26:42.924" endtime="20220106 15:26:42.936"/>
</kw>
<kw name="Set Local Variable" library="BuiltIn">
<arg>${receipt}</arg>
<arg>//*[@id="receipt"]</arg>
<doc>Makes a variable available everywhere within the local scope.</doc>
<msg timestamp="20220106 15:26:42.951" level="INFO">${receipt} = //*[@id="receipt"]</msg>
<status status="PASS" starttime="20220106 15:26:42.939" endtime="20220106 15:26:42.951"/>
</kw>
<kw name="Mute Run On Failure" library="RPA.RobotLogListener">
<arg>Page Should Contain Element</arg>
<doc>Set keywords which should not execute `SeleniumLibrary`
default behaviour of running keyword on failure.</doc>
<kw name="Get Library Instance" library="BuiltIn">
<arg>RPA.Browser</arg>
<doc>Returns the currently active instance of the specified test library.</doc>
<msg timestamp="20220106 15:26:42.975" level="FAIL">No library 'RPA.Browser' found.</msg>
<status status="FAIL" starttime="20220106 15:26:42.961" endtime="20220106 15:26:42.976"/>
</kw>
<kw name="Get Library Instance" library="BuiltIn">
<arg>RPA.Browser.Selenium</arg>
<doc>Returns the currently active instance of the specified test library.</doc>
<status status="PASS" starttime="20220106 15:26:42.980" endtime="20220106 15:26:42.984"/>
</kw>
<status status="PASS" starttime="20220106 15:26:42.954" endtime="20220106 15:26:42.986"/>
</kw>
<kw name="Click Button" library="RPA.Browser.Selenium">
<arg>${order}</arg>
<doc>Clicks the button identified by ``locator``.</doc>
<msg timestamp="20220106 15:26:42.993" level="INFO">Clicking button '//*[@id="order"]'.</msg>
<status status="PASS" starttime="20220106 15:26:42.990" endtime="20220106 15:26:43.127"/>
</kw>
<kw name="Page Should Contain Element" library="RPA.Browser.Selenium">
<arg>${receipt}</arg>
<arg>${order}</arg>
<doc>Verifies that element ``locator`` is found on the current page.</doc>
<msg timestamp="20220106 15:26:43.136" level="INFO">No keyword will be run on failure.</msg>
<msg timestamp="20220106 15:26:43.136" level="INFO">No keyword will be run on failure.</msg>
<msg timestamp="20220106 15:26:43.157" level="INFO">Current page contains element '//*[@id="receipt"]'.</msg>
<status status="PASS" starttime="20220106 15:26:43.132" endtime="20220106 15:26:43.157"/>
</kw>
<kw name="Sleep" library="BuiltIn">
<arg>1s</arg>
<doc>Pauses the test executed for the given time.</doc>
<msg timestamp="20220106 15:26:44.178" level="INFO">Slept 1 second</msg>
<status status="PASS" starttime="20220106 15:26:43.162" endtime="20220106 15:26:44.180"/>
</kw>
<status status="PASS" starttime="20220106 15:26:42.920" endtime="20220106 15:26:44.186"/>
</kw>
<status status="PASS" starttime="20220106 15:26:42.916" endtime="20220106 15:26:44.191"/>
</kw>
<kw name="Store PDF file">
<var>${pdf}</var>
<arg>${row}[Order number]</arg>
<kw name="Get Element Attribute" library="RPA.Browser.Selenium">
<var>${pdf_file}</var>
<arg>id:receipt</arg>
<arg>outerHTML</arg>
<doc>Returns the value of ``attribute`` from the element ``locator``.</doc>
<msg timestamp="20220106 15:26:44.246" level="INFO">${pdf_file} = &lt;div id="receipt" class="alert alert-success" role="alert"&gt;&lt;h3&gt;Receipt&lt;/h3&gt;&lt;div&gt;2022-01-06T09:56:43.112Z&lt;/div&gt;&lt;p class="badge badge-success"&gt;RSB-ROBO-ORDER-IR6QL9878&lt;/p&gt;&lt;p&gt;Address 456&lt;/p&gt;&lt;div id="part...</msg>
<status status="PASS" starttime="20220106 15:26:44.208" endtime="20220106 15:26:44.246"/>
</kw>
<kw name="Html To Pdf" library="RPA.PDF">
<arg>${pdf_file}</arg>
<arg>e:\\Robot\\Orderobot${/}result${/}Order_${myrow}.pdf</arg>
<doc>Generate a PDF file from HTML content.</doc>
<msg timestamp="20220106 15:26:44.255" level="INFO">Writing output to file E:\Robot\Orderobot\result\Order_2.pdf</msg>
<status status="PASS" starttime="20220106 15:26:44.249" endtime="20220106 15:26:44.635"/>
</kw>
<msg timestamp="20220106 15:26:44.640" level="INFO">${pdf} = e:\Robot\Orderobot\result\Order_2.pdf</msg>
<status status="PASS" starttime="20220106 15:26:44.197" endtime="20220106 15:26:44.640"/>
</kw>
<kw name="Take a screenshot">
<var>${screenshot}</var>
<arg>${row}[Order number]</arg>
<kw name="Capture Element Screenshot" library="RPA.Browser.Selenium">
<arg>//*[@id="robot-preview-image"]</arg>
<arg>e:\\Robot\\Orderobot${/}image${/}Order_${row}.png</arg>
<doc>Captures a screenshot from the element identified by ``locator`` and embeds it into log file.</doc>
<msg timestamp="20220106 15:26:44.813" level="INFO" html="true">&lt;/td&gt;&lt;/tr&gt;&lt;tr&gt;&lt;td colspan="3"&gt;&lt;a href="file:///E:/Robot/Orderobot/image/Order_2.png"&gt;&lt;img src="file:///E:/Robot/Orderobot/image/Order_2.png" width="400px"&gt;&lt;/a&gt;</msg>
<status status="PASS" starttime="20220106 15:26:44.647" endtime="20220106 15:26:44.814"/>
</kw>
<msg timestamp="20220106 15:26:44.818" level="INFO">${screenshot} = e:\Robot\Orderobot\image\Order_2.png</msg>
<status status="PASS" starttime="20220106 15:26:44.642" endtime="20220106 15:26:44.819"/>
</kw>
<kw name="screenshot to the PDF file">
<arg>${row}[Order number]</arg>
<kw name="Create List" library="BuiltIn">
<var>${screenshot}</var>
<arg>e:\\Robot\\Orderobot${/}image${/}Order_${row}.png</arg>
<doc>Returns a list containing given items.</doc>
<msg timestamp="20220106 15:26:44.834" level="INFO">${screenshot} = ['e:\\Robot\\Orderobot\\image\\Order_2.png']</msg>
<status status="PASS" starttime="20220106 15:26:44.830" endtime="20220106 15:26:44.834"/>
</kw>
<kw name="Add Files To Pdf" library="RPA.PDF">
<arg>${screenshot}</arg>
<arg>e:\\Robot\\Orderobot${/}result${/}Order_${row}.pdf</arg>
<arg>True</arg>
<doc>Add images and/or pdfs to new PDF document</doc>
<msg timestamp="20220106 15:26:44.847" level="INFO">Adding page: 0</msg>
<msg timestamp="20220106 15:26:44.848" level="INFO">File e:\Robot\Orderobot\image\Order_2.png type: png</msg>
<msg timestamp="20220106 15:26:44.849" level="INFO">Image parameters: {}</msg>
<status status="PASS" starttime="20220106 15:26:44.838" endtime="20220106 15:26:47.178"/>
</kw>
<status status="PASS" starttime="20220106 15:26:44.823" endtime="20220106 15:26:47.181"/>
</kw>
<kw name="Go to order another robot">
<kw name="Set Local Variable" library="BuiltIn">
<arg>${order_another_robot}</arg>
<arg>//*[@id="order-another"]</arg>
<doc>Makes a variable available everywhere within the local scope.</doc>
<msg timestamp="20220106 15:26:47.199" level="INFO">${order_another_robot} = //*[@id="order-another"]</msg>
<status status="PASS" starttime="20220106 15:26:47.188" endtime="20220106 15:26:47.199"/>
</kw>
<kw name="Click Button" library="RPA.Browser.Selenium">
<arg>${order_another_robot}</arg>
<doc>Clicks the button identified by ``locator``.</doc>
<msg timestamp="20220106 15:26:47.206" level="INFO">Clicking button '//*[@id="order-another"]'.</msg>
<status status="PASS" starttime="20220106 15:26:47.203" endtime="20220106 15:26:47.824"/>
</kw>
<kw name="Sleep" library="BuiltIn">
<arg>1s</arg>
<doc>Pauses the test executed for the given time.</doc>
<msg timestamp="20220106 15:26:48.851" level="INFO">Slept 1 second</msg>
<status status="PASS" starttime="20220106 15:26:47.831" endtime="20220106 15:26:48.852"/>
</kw>
<status status="PASS" starttime="20220106 15:26:47.183" endtime="20220106 15:26:48.855"/>
</kw>
<kw name="annoying model">
<kw name="Set Local Variable" library="BuiltIn">
<arg>${btn_yep}</arg>
<arg>//*[@id="root"]/div/div[2]/div/div/div/div/div/button[2]</arg>
<doc>Makes a variable available everywhere within the local scope.</doc>
<msg timestamp="20220106 15:26:48.878" level="INFO">${btn_yep} = //*[@id="root"]/div/div[2]/div/div/div/div/div/button[2]</msg>
<status status="PASS" starttime="20220106 15:26:48.861" endtime="20220106 15:26:48.880"/>
</kw>
<kw name="Wait And Click Button" library="RPA.Browser.Selenium">
<arg>${btn_yep}</arg>
<doc>Click button identified by ``locator``, once it becomes visible.</doc>
<msg timestamp="20220106 15:26:48.965" level="INFO">Clicking button '//*[@id="root"]/div/div[2]/div/div/div/div/div/button[2]'.</msg>
<status status="PASS" starttime="20220106 15:26:48.886" endtime="20220106 15:26:49.106"/>
</kw>
<status status="PASS" starttime="20220106 15:26:48.857" endtime="20220106 15:26:49.109"/>
</kw>
<status status="PASS" starttime="20220106 15:26:40.554" endtime="20220106 15:26:49.111"/>
</iter>
<iter>
<var name="${row}">{'Order number': '3', 'Head': '6', 'Body': '2', 'Legs': '3', 'Address': 'Address 789'}</var>
<kw name="Fill the form">
<arg>${row}</arg>
<kw name="Set Local Variable" library="BuiltIn">
<arg>${order_no}</arg>
<arg>${myrow}[Order number]</arg>
<doc>Makes a variable available everywhere within the local scope.</doc>
<msg timestamp="20220106 15:26:49.134" level="INFO">${order_no} = 3</msg>
<status status="PASS" starttime="20220106 15:26:49.121" endtime="20220106 15:26:49.135"/>
</kw>
<kw name="Set Local Variable" library="BuiltIn">
<arg>${head}</arg>
<arg>${myrow}[Head]</arg>
<doc>Makes a variable available everywhere within the local scope.</doc>
<msg timestamp="20220106 15:26:49.150" level="INFO">${head} = 6</msg>
<status status="PASS" starttime="20220106 15:26:49.138" endtime="20220106 15:26:49.151"/>
</kw>
<kw name="Set Local Variable" library="BuiltIn">
<arg>${body}</arg>
<arg>${myrow}[Body]</arg>
<doc>Makes a variable available everywhere within the local scope.</doc>
<msg timestamp="20220106 15:26:49.165" level="INFO">${body} = 2</msg>
<status status="PASS" starttime="20220106 15:26:49.153" endtime="20220106 15:26:49.166"/>
</kw>
<kw name="Set Local Variable" library="BuiltIn">
<arg>${legs}</arg>
<arg>${myrow}[Legs]</arg>
<doc>Makes a variable available everywhere within the local scope.</doc>
<msg timestamp="20220106 15:26:49.184" level="INFO">${legs} = 3</msg>
<status status="PASS" starttime="20220106 15:26:49.170" endtime="20220106 15:26:49.185"/>
</kw>
<kw name="Set Local Variable" library="BuiltIn">
<arg>${address}</arg>
<arg>${myrow}[Address]</arg>
<doc>Makes a variable available everywhere within the local scope.</doc>
<msg timestamp="20220106 15:26:49.200" level="INFO">${address} = Address 789</msg>
<status status="PASS" starttime="20220106 15:26:49.187" endtime="20220106 15:26:49.201"/>
</kw>
<kw name="Set Local Variable" library="BuiltIn">
<arg>${input_head}</arg>
<arg>//*[@id="head"]</arg>
<doc>Makes a variable available everywhere within the local scope.</doc>
<msg timestamp="20220106 15:26:49.216" level="INFO">${input_head} = //*[@id="head"]</msg>
<status status="PASS" starttime="20220106 15:26:49.204" endtime="20220106 15:26:49.217"/>
</kw>
<kw name="Set Local Variable" library="BuiltIn">
<arg>${input_body}</arg>
<arg>body</arg>
<doc>Makes a variable available everywhere within the local scope.</doc>
<msg timestamp="20220106 15:26:49.232" level="INFO">${input_body} = body</msg>
<status status="PASS" starttime="20220106 15:26:49.219" endtime="20220106 15:26:49.233"/>
</kw>
<kw name="Set Local Variable" library="BuiltIn">
<arg>${input_legs}</arg>
<arg>xpath://html/body/div/div/div[1]/div/div[1]/form/div[3]/input</arg>
<doc>Makes a variable available everywhere within the local scope.</doc>
<msg timestamp="20220106 15:26:49.248" level="INFO">${input_legs} = xpath://html/body/div/div/div[1]/div/div[1]/form/div[3]/input</msg>
<status status="PASS" starttime="20220106 15:26:49.235" endtime="20220106 15:26:49.249"/>
</kw>
<kw name="Set Local Variable" library="BuiltIn">
<arg>${input_address}</arg>
<arg>//*[@id="address"]</arg>
<doc>Makes a variable available everywhere within the local scope.</doc>
<msg timestamp="20220106 15:26:49.266" level="INFO">${input_address} = //*[@id="address"]</msg>
<status status="PASS" starttime="20220106 15:26:49.252" endtime="20220106 15:26:49.266"/>
</kw>
<kw name="Set Local Variable" library="BuiltIn">
<arg>${preview}</arg>
<arg>//*[@id="preview"]</arg>
<doc>Makes a variable available everywhere within the local scope.</doc>
<msg timestamp="20220106 15:26:49.283" level="INFO">${preview} = //*[@id="preview"]</msg>
<status status="PASS" starttime="20220106 15:26:49.269" endtime="20220106 15:26:49.284"/>
</kw>
<kw name="Set Local Variable" library="BuiltIn">
<arg>${order}</arg>
<arg>//*[@id="order"]</arg>
<doc>Makes a variable available everywhere within the local scope.</doc>
<msg timestamp="20220106 15:26:49.302" level="INFO">${order} = //*[@id="order"]</msg>
<status status="PASS" starttime="20220106 15:26:49.287" endtime="20220106 15:26:49.302"/>
</kw>
<kw name="Wait Until Element Is Visible" library="RPA.Browser.Selenium">
<arg>${input_head}</arg>
<doc>Waits until the element ``locator`` is visible.</doc>
<status status="PASS" starttime="20220106 15:26:49.305" endtime="20220106 15:26:49.344"/>
</kw>
<kw name="Wait Until Element Is Enabled" library="RPA.Browser.Selenium">
<arg>${input_head}</arg>
<doc>Waits until the element ``locator`` is enabled.</doc>
<status status="PASS" starttime="20220106 15:26:49.347" endtime="20220106 15:26:49.393"/>
</kw>
<kw name="Select From List By Value" library="RPA.Browser.Selenium">
<arg>${input_head}</arg>
<arg>${head}</arg>
<doc>Selects options from selection list ``locator`` by ``values``.</doc>
<msg timestamp="20220106 15:26:49.400" level="INFO">Selecting options from selection list '//*[@id="head"]' by value 6.</msg>
<status status="PASS" starttime="20220106 15:26:49.396" endtime="20220106 15:26:49.528"/>
</kw>
<kw name="Wait Until Element Is Enabled" library="RPA.Browser.Selenium">
<arg>${input_body}</arg>
<doc>Waits until the element ``locator`` is enabled.</doc>
<status status="PASS" starttime="20220106 15:26:49.531" endtime="20220106 15:26:49.583"/>
</kw>
<kw name="Select Radio Button" library="RPA.Browser.Selenium">
<arg>${input_body}</arg>
<arg>${body}</arg>
<doc>Sets the radio button group ``group_name`` to ``value``.</doc>
<msg timestamp="20220106 15:26:49.592" level="INFO">Selecting '2' from radio button 'body'.</msg>
<status status="PASS" starttime="20220106 15:26:49.586" endtime="20220106 15:26:49.703"/>
</kw>
<kw name="Wait Until Element Is Enabled" library="RPA.Browser.Selenium">
<arg>${input_legs}</arg>
<doc>Waits until the element ``locator`` is enabled.</doc>
<status status="PASS" starttime="20220106 15:26:49.708" endtime="20220106 15:26:49.763"/>
</kw>
<kw name="Input Text" library="RPA.Browser.Selenium">
<arg>${input_legs}</arg>
<arg>${legs}</arg>
<doc>Types the given ``text`` into the text field identified by ``locator``.</doc>
<msg timestamp="20220106 15:26:49.770" level="INFO">Typing text '3' into text field 'xpath://html/body/div/div/div[1]/div/div[1]/form/div[3]/input'.</msg>
<status status="PASS" starttime="20220106 15:26:49.766" endtime="20220106 15:26:49.928"/>
</kw>
<kw name="Wait Until Element Is Enabled" library="RPA.Browser.Selenium">
<arg>${input_address}</arg>
<doc>Waits until the element ``locator`` is enabled.</doc>
<status status="PASS" starttime="20220106 15:26:49.930" endtime="20220106 15:26:49.979"/>
</kw>
<kw name="Input Text" library="RPA.Browser.Selenium">
<arg>${input_address}</arg>
<arg>${address}</arg>
<doc>Types the given ``text`` into the text field identified by ``locator``.</doc>
<msg timestamp="20220106 15:26:49.986" level="INFO">Typing text 'Address 789' into text field '//*[@id="address"]'.</msg>
<status status="PASS" starttime="20220106 15:26:49.982" endtime="20220106 15:26:50.163"/>
</kw>
<status status="PASS" starttime="20220106 15:26:49.116" endtime="20220106 15:26:50.166"/>
</kw>
<kw name="Wait Until Keyword Succeeds" library="BuiltIn">
<arg>10x</arg>
<arg>1s</arg>
<arg>check the robots</arg>
<doc>Runs the specified keyword and retries if it fails.</doc>
<kw name="check the robots">
<kw name="Set Local Variable" library="BuiltIn">
<arg>${preview}</arg>
<arg>//*[@id="preview"]</arg>
<doc>Makes a variable available everywhere within the local scope.</doc>
<msg timestamp="20220106 15:26:50.194" level="INFO">${preview} = //*[@id="preview"]</msg>
<status status="PASS" starttime="20220106 15:26:50.179" endtime="20220106 15:26:50.195"/>
</kw>
<kw name="Set Local Variable" library="BuiltIn">
<arg>${img_preview}</arg>
<arg>//*[@id="robot-preview-image"]</arg>
<doc>Makes a variable available everywhere within the local scope.</doc>
<msg timestamp="20220106 15:26:50.216" level="INFO">${img_preview} = //*[@id="robot-preview-image"]</msg>
<status status="PASS" starttime="20220106 15:26:50.197" endtime="20220106 15:26:50.217"/>
</kw>
<kw name="Click Button" library="RPA.Browser.Selenium">
<arg>${preview}</arg>
<doc>Clicks the button identified by ``locator``.</doc>
<msg timestamp="20220106 15:26:50.227" level="INFO">Clicking button '//*[@id="preview"]'.</msg>
<status status="PASS" starttime="20220106 15:26:50.220" endtime="20220106 15:26:50.360"/>
</kw>
<kw name="Wait Until Element Is Visible" library="RPA.Browser.Selenium">
<arg>${img_preview}</arg>
<doc>Waits until the element ``locator`` is visible.</doc>
<status status="PASS" starttime="20220106 15:26:50.364" endtime="20220106 15:26:50.449"/>
</kw>
<kw name="Sleep" library="BuiltIn">
<arg>1s</arg>
<doc>Pauses the test executed for the given time.</doc>
<msg timestamp="20220106 15:26:51.469" level="INFO">Slept 1 second</msg>
<status status="PASS" starttime="20220106 15:26:50.453" endtime="20220106 15:26:51.470"/>
</kw>
<status status="PASS" starttime="20220106 15:26:50.174" endtime="20220106 15:26:51.473"/>
</kw>
<status status="PASS" starttime="20220106 15:26:50.168" endtime="20220106 15:26:51.475"/>
</kw>
<kw name="Wait Until Keyword Succeeds" library="BuiltIn">
<arg>10x</arg>
<arg>1s</arg>
<arg>Submited</arg>
<doc>Runs the specified keyword and retries if it fails.</doc>
<kw name="Submited">
<kw name="Set Local Variable" library="BuiltIn">
<arg>${order}</arg>
<arg>//*[@id="order"]</arg>
<doc>Makes a variable available everywhere within the local scope.</doc>
<msg timestamp="20220106 15:26:51.499" level="INFO">${order} = //*[@id="order"]</msg>
<status status="PASS" starttime="20220106 15:26:51.486" endtime="20220106 15:26:51.499"/>
</kw>
<kw name="Set Local Variable" library="BuiltIn">
<arg>${receipt}</arg>
<arg>//*[@id="receipt"]</arg>
<doc>Makes a variable available everywhere within the local scope.</doc>
<msg timestamp="20220106 15:26:51.516" level="INFO">${receipt} = //*[@id="receipt"]</msg>
<status status="PASS" starttime="20220106 15:26:51.503" endtime="20220106 15:26:51.517"/>
</kw>
<kw name="Mute Run On Failure" library="RPA.RobotLogListener">
<arg>Page Should Contain Element</arg>
<doc>Set keywords which should not execute `SeleniumLibrary`
default behaviour of running keyword on failure.</doc>
<kw name="Get Library Instance" library="BuiltIn">
<arg>RPA.Browser</arg>
<doc>Returns the currently active instance of the specified test library.</doc>
<msg timestamp="20220106 15:26:51.529" level="FAIL">No library 'RPA.Browser' found.</msg>
<status status="FAIL" starttime="20220106 15:26:51.524" endtime="20220106 15:26:51.530"/>
</kw>
<kw name="Get Library Instance" library="BuiltIn">
<arg>RPA.Browser.Selenium</arg>
<doc>Returns the currently active instance of the specified test library.</doc>
<status status="PASS" starttime="20220106 15:26:51.533" endtime="20220106 15:26:51.538"/>
</kw>
<status status="PASS" starttime="20220106 15:26:51.520" endtime="20220106 15:26:51.542"/>
</kw>
<kw name="Click Button" library="RPA.Browser.Selenium">
<arg>${order}</arg>
<doc>Clicks the button identified by ``locator``.</doc>
<msg timestamp="20220106 15:26:51.550" level="INFO">Clicking button '//*[@id="order"]'.</msg>
<status status="PASS" starttime="20220106 15:26:51.546" endtime="20220106 15:26:51.678"/>
</kw>
<kw name="Page Should Contain Element" library="RPA.Browser.Selenium">
<arg>${receipt}</arg>
<arg>${order}</arg>
<doc>Verifies that element ``locator`` is found on the current page.</doc>
<msg timestamp="20220106 15:26:51.688" level="INFO">No keyword will be run on failure.</msg>
<msg timestamp="20220106 15:26:51.689" level="INFO">No keyword will be run on failure.</msg>
<msg timestamp="20220106 15:26:51.690" level="INFO">No keyword will be run on failure.</msg>
<msg timestamp="20220106 15:26:51.713" level="INFO">Current page contains element '//*[@id="receipt"]'.</msg>
<status status="PASS" starttime="20220106 15:26:51.683" endtime="20220106 15:26:51.715"/>
</kw>
<kw name="Sleep" library="BuiltIn">
<arg>1s</arg>
<doc>Pauses the test executed for the given time.</doc>
<msg timestamp="20220106 15:26:52.726" level="INFO">Slept 1 second</msg>
<status status="PASS" starttime="20220106 15:26:51.720" endtime="20220106 15:26:52.727"/>
</kw>
<status status="PASS" starttime="20220106 15:26:51.481" endtime="20220106 15:26:52.730"/>
</kw>
<status status="PASS" starttime="20220106 15:26:51.478" endtime="20220106 15:26:52.732"/>
</kw>
<kw name="Store PDF file">
<var>${pdf}</var>
<arg>${row}[Order number]</arg>
<kw name="Get Element Attribute" library="RPA.Browser.Selenium">
<var>${pdf_file}</var>
<arg>id:receipt</arg>
<arg>outerHTML</arg>
<doc>Returns the value of ``attribute`` from the element ``locator``.</doc>
<msg timestamp="20220106 15:26:52.768" level="INFO">${pdf_file} = &lt;div id="receipt" class="alert alert-success" role="alert"&gt;&lt;h3&gt;Receipt&lt;/h3&gt;&lt;div&gt;2022-01-06T09:56:51.662Z&lt;/div&gt;&lt;p class="badge badge-success"&gt;RSB-ROBO-ORDER-B6JOC2JSPO&lt;/p&gt;&lt;p&gt;Address 789&lt;/p&gt;&lt;div id="par...</msg>
<status status="PASS" starttime="20220106 15:26:52.739" endtime="20220106 15:26:52.769"/>
</kw>
<kw name="Html To Pdf" library="RPA.PDF">
<arg>${pdf_file}</arg>
<arg>e:\\Robot\\Orderobot${/}result${/}Order_${myrow}.pdf</arg>
<doc>Generate a PDF file from HTML content.</doc>
<msg timestamp="20220106 15:26:52.777" level="INFO">Writing output to file E:\Robot\Orderobot\result\Order_3.pdf</msg>
<status status="PASS" starttime="20220106 15:26:52.771" endtime="20220106 15:26:53.158"/>
</kw>
<msg timestamp="20220106 15:26:53.163" level="INFO">${pdf} = e:\Robot\Orderobot\result\Order_3.pdf</msg>
<status status="PASS" starttime="20220106 15:26:52.734" endtime="20220106 15:26:53.163"/>
</kw>
<kw name="Take a screenshot">
<var>${screenshot}</var>
<arg>${row}[Order number]</arg>
<kw name="Capture Element Screenshot" library="RPA.Browser.Selenium">
<arg>//*[@id="robot-preview-image"]</arg>
<arg>e:\\Robot\\Orderobot${/}image${/}Order_${row}.png</arg>
<doc>Captures a screenshot from the element identified by ``locator`` and embeds it into log file.</doc>
<msg timestamp="20220106 15:26:53.374" level="INFO" html="true">&lt;/td&gt;&lt;/tr&gt;&lt;tr&gt;&lt;td colspan="3"&gt;&lt;a href="file:///E:/Robot/Orderobot/image/Order_3.png"&gt;&lt;img src="file:///E:/Robot/Orderobot/image/Order_3.png" width="400px"&gt;&lt;/a&gt;</msg>
<status status="PASS" starttime="20220106 15:26:53.171" endtime="20220106 15:26:53.375"/>
</kw>
<msg timestamp="20220106 15:26:53.379" level="INFO">${screenshot} = e:\Robot\Orderobot\image\Order_3.png</msg>
<status status="PASS" starttime="20220106 15:26:53.166" endtime="20220106 15:26:53.380"/>
</kw>
<kw name="screenshot to the PDF file">
<arg>${row}[Order number]</arg>
<kw name="Create List" library="BuiltIn">
<var>${screenshot}</var>
<arg>e:\\Robot\\Orderobot${/}image${/}Order_${row}.png</arg>
<doc>Returns a list containing given items.</doc>
<msg timestamp="20220106 15:26:53.391" level="INFO">${screenshot} = ['e:\\Robot\\Orderobot\\image\\Order_3.png']</msg>
<status status="PASS" starttime="20220106 15:26:53.386" endtime="20220106 15:26:53.391"/>
</kw>
<kw name="Add Files To Pdf" library="RPA.PDF">
<arg>${screenshot}</arg>
<arg>e:\\Robot\\Orderobot${/}result${/}Order_${row}.pdf</arg>
<arg>True</arg>
<doc>Add images and/or pdfs to new PDF document</doc>
<msg timestamp="20220106 15:26:53.404" level="INFO">Adding page: 0</msg>
<msg timestamp="20220106 15:26:53.405" level="INFO">File e:\Robot\Orderobot\image\Order_3.png type: png</msg>
<msg timestamp="20220106 15:26:53.406" level="INFO">Image parameters: {}</msg>
<status status="PASS" starttime="20220106 15:26:53.395" endtime="20220106 15:26:56.664"/>
</kw>
<status status="PASS" starttime="20220106 15:26:53.381" endtime="20220106 15:26:56.667"/>
</kw>
<kw name="Go to order another robot">
<kw name="Set Local Variable" library="BuiltIn">
<arg>${order_another_robot}</arg>
<arg>//*[@id="order-another"]</arg>
<doc>Makes a variable available everywhere within the local scope.</doc>
<msg timestamp="20220106 15:26:56.692" level="INFO">${order_another_robot} = //*[@id="order-another"]</msg>
<status status="PASS" starttime="20220106 15:26:56.677" endtime="20220106 15:26:56.693"/>
</kw>
<kw name="Click Button" library="RPA.Browser.Selenium">
<arg>${order_another_robot}</arg>
<doc>Clicks the button identified by ``locator``.</doc>
<msg timestamp="20220106 15:26:56.699" level="INFO">Clicking button '//*[@id="order-another"]'.</msg>
<status status="PASS" starttime="20220106 15:26:56.696" endtime="20220106 15:26:57.215"/>
</kw>
<kw name="Sleep" library="BuiltIn">
<arg>1s</arg>
<doc>Pauses the test executed for the given time.</doc>
<msg timestamp="20220106 15:26:58.239" level="INFO">Slept 1 second</msg>
<status status="PASS" starttime="20220106 15:26:57.224" endtime="20220106 15:26:58.242"/>
</kw>
<status status="PASS" starttime="20220106 15:26:56.669" endtime="20220106 15:26:58.253"/>
</kw>
<kw name="annoying model">
<kw name="Set Local Variable" library="BuiltIn">
<arg>${btn_yep}</arg>
<arg>//*[@id="root"]/div/div[2]/div/div/div/div/div/button[2]</arg>
<doc>Makes a variable available everywhere within the local scope.</doc>
<msg timestamp="20220106 15:26:58.278" level="INFO">${btn_yep} = //*[@id="root"]/div/div[2]/div/div/div/div/div/button[2]</msg>
<status status="PASS" starttime="20220106 15:26:58.266" endtime="20220106 15:26:58.279"/>
</kw>
<kw name="Wait And Click Button" library="RPA.Browser.Selenium">
<arg>${btn_yep}</arg>
<doc>Click button identified by ``locator``, once it becomes visible.</doc>
<msg timestamp="20220106 15:26:58.320" level="INFO">Clicking button '//*[@id="root"]/div/div[2]/div/div/div/div/div/button[2]'.</msg>
<status status="PASS" starttime="20220106 15:26:58.281" endtime="20220106 15:26:58.436"/>
</kw>
<status status="PASS" starttime="20220106 15:26:58.259" endtime="20220106 15:26:58.440"/>
</kw>
<status status="PASS" starttime="20220106 15:26:49.113" endtime="20220106 15:26:58.442"/>
</iter>
<iter>
<var name="${row}">{'Order number': '4', 'Head': '2', 'Body': '3', 'Legs': '2', 'Address': 'Address 1'}</var>
<kw name="Fill the form">
<arg>${row}</arg>
<kw name="Set Local Variable" library="BuiltIn">
<arg>${order_no}</arg>
<arg>${myrow}[Order number]</arg>
<doc>Makes a variable available everywhere within the local scope.</doc>
<msg timestamp="20220106 15:26:58.468" level="INFO">${order_no} = 4</msg>
<status status="PASS" starttime="20220106 15:26:58.453" endtime="20220106 15:26:58.468"/>
</kw>
<kw name="Set Local Variable" library="BuiltIn">
<arg>${head}</arg>
<arg>${myrow}[Head]</arg>
<doc>Makes a variable available everywhere within the local scope.</doc>
<msg timestamp="20220106 15:26:58.493" level="INFO">${head} = 2</msg>
<status status="PASS" starttime="20220106 15:26:58.472" endtime="20220106 15:26:58.494"/>
</kw>
<kw name="Set Local Variable" library="BuiltIn">
<arg>${body}</arg>
<arg>${myrow}[Body]</arg>
<doc>Makes a variable available everywhere within the local scope.</doc>
<msg timestamp="20220106 15:26:58.515" level="INFO">${body} = 3</msg>
<status status="PASS" starttime="20220106 15:26:58.497" endtime="20220106 15:26:58.516"/>
</kw>
<kw name="Set Local Variable" library="BuiltIn">
<arg>${legs}</arg>
<arg>${myrow}[Legs]</arg>
<doc>Makes a variable available everywhere within the local scope.</doc>
<msg timestamp="20220106 15:26:58.537" level="INFO">${legs} = 2</msg>
<status status="PASS" starttime="20220106 15:26:58.521" endtime="20220106 15:26:58.538"/>
</kw>
<kw name="Set Local Variable" library="BuiltIn">
<arg>${address}</arg>
<arg>${myrow}[Address]</arg>
<doc>Makes a variable available everywhere within the local scope.</doc>
<msg timestamp="20220106 15:26:58.574" level="INFO">${address} = Address 1</msg>
<status status="PASS" starttime="20220106 15:26:58.541" endtime="20220106 15:26:58.575"/>
</kw>
<kw name="Set Local Variable" library="BuiltIn">
<arg>${input_head}</arg>
<arg>//*[@id="head"]</arg>
<doc>Makes a variable available everywhere within the local scope.</doc>
<msg timestamp="20220106 15:26:58.601" level="INFO">${input_head} = //*[@id="head"]</msg>
<status status="PASS" starttime="20220106 15:26:58.580" endtime="20220106 15:26:58.601"/>
</kw>
<kw name="Set Local Variable" library="BuiltIn">
<arg>${input_body}</arg>
<arg>body</arg>
<doc>Makes a variable available everywhere within the local scope.</doc>
<msg timestamp="20220106 15:26:58.619" level="INFO">${input_body} = body</msg>
<status status="PASS" starttime="20220106 15:26:58.604" endtime="20220106 15:26:58.619"/>
</kw>
<kw name="Set Local Variable" library="BuiltIn">
<arg>${input_legs}</arg>
<arg>xpath://html/body/div/div/div[1]/div/div[1]/form/div[3]/input</arg>
<doc>Makes a variable available everywhere within the local scope.</doc>
<msg timestamp="20220106 15:26:58.636" level="INFO">${input_legs} = xpath://html/body/div/div/div[1]/div/div[1]/form/div[3]/input</msg>
<status status="PASS" starttime="20220106 15:26:58.622" endtime="20220106 15:26:58.636"/>
</kw>
<kw name="Set Local Variable" library="BuiltIn">
<arg>${input_address}</arg>
<arg>//*[@id="address"]</arg>
<doc>Makes a variable available everywhere within the local scope.</doc>
<msg timestamp="20220106 15:26:58.653" level="INFO">${input_address} = //*[@id="address"]</msg>
<status status="PASS" starttime="20220106 15:26:58.640" endtime="20220106 15:26:58.654"/>
</kw>
<kw name="Set Local Variable" library="BuiltIn">
<arg>${preview}</arg>
<arg>//*[@id="preview"]</arg>
<doc>Makes a variable available everywhere within the local scope.</doc>
<msg timestamp="20220106 15:26:58.670" level="INFO">${preview} = //*[@id="preview"]</msg>
<status status="PASS" starttime="20220106 15:26:58.656" endtime="20220106 15:26:58.671"/>
</kw>
<kw name="Set Local Variable" library="BuiltIn">
<arg>${order}</arg>
<arg>//*[@id="order"]</arg>
<doc>Makes a variable available everywhere within the local scope.</doc>
<msg timestamp="20220106 15:26:58.688" level="INFO">${order} = //*[@id="order"]</msg>
<status status="PASS" starttime="20220106 15:26:58.673" endtime="20220106 15:26:58.689"/>
</kw>
<kw name="Wait Until Element Is Visible" library="RPA.Browser.Selenium">
<arg>${input_head}</arg>
<doc>Waits until the element ``locator`` is visible.</doc>
<status status="PASS" starttime="20220106 15:26:58.691" endtime="20220106 15:26:58.731"/>
</kw>
<kw name="Wait Until Element Is Enabled" library="RPA.Browser.Selenium">
<arg>${input_head}</arg>
<doc>Waits until the element ``locator`` is enabled.</doc>
<status status="PASS" starttime="20220106 15:26:58.734" endtime="20220106 15:26:58.781"/>
</kw>
<kw name="Select From List By Value" library="RPA.Browser.Selenium">
<arg>${input_head}</arg>
<arg>${head}</arg>
<doc>Selects options from selection list ``locator`` by ``values``.</doc>
<msg timestamp="20220106 15:26:58.788" level="INFO">Selecting options from selection list '//*[@id="head"]' by value 2.</msg>
<status status="PASS" starttime="20220106 15:26:58.784" endtime="20220106 15:26:58.917"/>
</kw>
<kw name="Wait Until Element Is Enabled" library="RPA.Browser.Selenium">
<arg>${input_body}</arg>
<doc>Waits until the element ``locator`` is enabled.</doc>
<status status="PASS" starttime="20220106 15:26:58.919" endtime="20220106 15:26:58.976"/>
</kw>
<kw name="Select Radio Button" library="RPA.Browser.Selenium">
<arg>${input_body}</arg>
<arg>${body}</arg>
<doc>Sets the radio button group ``group_name`` to ``value``.</doc>
<msg timestamp="20220106 15:26:58.982" level="INFO">Selecting '3' from radio button 'body'.</msg>
<status status="PASS" starttime="20220106 15:26:58.978" endtime="20220106 15:26:59.102"/>
</kw>
<kw name="Wait Until Element Is Enabled" library="RPA.Browser.Selenium">
<arg>${input_legs}</arg>
<doc>Waits until the element ``locator`` is enabled.</doc>
<status status="PASS" starttime="20220106 15:26:59.107" endtime="20220106 15:26:59.163"/>
</kw>
<kw name="Input Text" library="RPA.Browser.Selenium">
<arg>${input_legs}</arg>
<arg>${legs}</arg>
<doc>Types the given ``text`` into the text field identified by ``locator``.</doc>
<msg timestamp="20220106 15:26:59.172" level="INFO">Typing text '2' into text field 'xpath://html/body/div/div/div[1]/div/div[1]/form/div[3]/input'.</msg>
<status status="PASS" starttime="20220106 15:26:59.167" endtime="20220106 15:26:59.354"/>
</kw>
<kw name="Wait Until Element Is Enabled" library="RPA.Browser.Selenium">
<arg>${input_address}</arg>
<doc>Waits until the element ``locator`` is enabled.</doc>
<status status="PASS" starttime="20220106 15:26:59.360" endtime="20220106 15:26:59.419"/>
</kw>
<kw name="Input Text" library="RPA.Browser.Selenium">
<arg>${input_address}</arg>
<arg>${address}</arg>
<doc>Types the given ``text`` into the text field identified by ``locator``.</doc>
<msg timestamp="20220106 15:26:59.429" level="INFO">Typing text 'Address 1' into text field '//*[@id="address"]'.</msg>
<status status="PASS" starttime="20220106 15:26:59.425" endtime="20220106 15:26:59.595"/>
</kw>
<status status="PASS" starttime="20220106 15:26:58.448" endtime="20220106 15:26:59.598"/>
</kw>
<kw name="Wait Until Keyword Succeeds" library="BuiltIn">
<arg>10x</arg>
<arg>1s</arg>
<arg>check the robots</arg>
<doc>Runs the specified keyword and retries if it fails.</doc>
<kw name="check the robots">
<kw name="Set Local Variable" library="BuiltIn">
<arg>${preview}</arg>
<arg>//*[@id="preview"]</arg>
<doc>Makes a variable available everywhere within the local scope.</doc>
<msg timestamp="20220106 15:26:59.626" level="INFO">${preview} = //*[@id="preview"]</msg>
<status status="PASS" starttime="20220106 15:26:59.611" endtime="20220106 15:26:59.626"/>
</kw>
<kw name="Set Local Variable" library="BuiltIn">
<arg>${img_preview}</arg>
<arg>//*[@id="robot-preview-image"]</arg>
<doc>Makes a variable available everywhere within the local scope.</doc>
<msg timestamp="20220106 15:26:59.644" level="INFO">${img_preview} = //*[@id="robot-preview-image"]</msg>
<status status="PASS" starttime="20220106 15:26:59.629" endtime="20220106 15:26:59.645"/>
</kw>
<kw name="Click Button" library="RPA.Browser.Selenium">
<arg>${preview}</arg>
<doc>Clicks the button identified by ``locator``.</doc>
<msg timestamp="20220106 15:26:59.653" level="INFO">Clicking button '//*[@id="preview"]'.</msg>
<status status="PASS" starttime="20220106 15:26:59.648" endtime="20220106 15:26:59.793"/>
</kw>
<kw name="Wait Until Element Is Visible" library="RPA.Browser.Selenium">
<arg>${img_preview}</arg>
<doc>Waits until the element ``locator`` is visible.</doc>
<status status="PASS" starttime="20220106 15:26:59.797" endtime="20220106 15:26:59.845"/>
</kw>
<kw name="Sleep" library="BuiltIn">
<arg>1s</arg>
<doc>Pauses the test executed for the given time.</doc>
<msg timestamp="20220106 15:27:00.852" level="INFO">Slept 1 second</msg>
<status status="PASS" starttime="20220106 15:26:59.849" endtime="20220106 15:27:00.853"/>
</kw>
<status status="PASS" starttime="20220106 15:26:59.605" endtime="20220106 15:27:00.856"/>
</kw>
<status status="PASS" starttime="20220106 15:26:59.601" endtime="20220106 15:27:00.859"/>
</kw>
<kw name="Wait Until Keyword Succeeds" library="BuiltIn">
<arg>10x</arg>
<arg>1s</arg>
<arg>Submited</arg>
<doc>Runs the specified keyword and retries if it fails.</doc>
<kw name="Submited">
<kw name="Set Local Variable" library="BuiltIn">
<arg>${order}</arg>
<arg>//*[@id="order"]</arg>
<doc>Makes a variable available everywhere within the local scope.</doc>
<msg timestamp="20220106 15:27:00.893" level="INFO">${order} = //*[@id="order"]</msg>
<status status="PASS" starttime="20220106 15:27:00.871" endtime="20220106 15:27:00.894"/>
</kw>
<kw name="Set Local Variable" library="BuiltIn">
<arg>${receipt}</arg>
<arg>//*[@id="receipt"]</arg>
<doc>Makes a variable available everywhere within the local scope.</doc>
<msg timestamp="20220106 15:27:00.913" level="INFO">${receipt} = //*[@id="receipt"]</msg>
<status status="PASS" starttime="20220106 15:27:00.899" endtime="20220106 15:27:00.914"/>
</kw>
<kw name="Mute Run On Failure" library="RPA.RobotLogListener">
<arg>Page Should Contain Element</arg>
<doc>Set keywords which should not execute `SeleniumLibrary`
default behaviour of running keyword on failure.</doc>
<kw name="Get Library Instance" library="BuiltIn">
<arg>RPA.Browser</arg>
<doc>Returns the currently active instance of the specified test library.</doc>
<msg timestamp="20220106 15:27:00.930" level="FAIL">No library 'RPA.Browser' found.</msg>
<status status="FAIL" starttime="20220106 15:27:00.925" endtime="20220106 15:27:00.931"/>
</kw>
<kw name="Get Library Instance" library="BuiltIn">
<arg>RPA.Browser.Selenium</arg>
<doc>Returns the currently active instance of the specified test library.</doc>
<status status="PASS" starttime="20220106 15:27:00.934" endtime="20220106 15:27:00.937"/>
</kw>
<status status="PASS" starttime="20220106 15:27:00.918" endtime="20220106 15:27:00.939"/>
</kw>
<kw name="Click Button" library="RPA.Browser.Selenium">
<arg>${order}</arg>
<doc>Clicks the button identified by ``locator``.</doc>
<msg timestamp="20220106 15:27:00.945" level="INFO">Clicking button '//*[@id="order"]'.</msg>
<status status="PASS" starttime="20220106 15:27:00.942" endtime="20220106 15:27:01.063"/>
</kw>
<kw name="Page Should Contain Element" library="RPA.Browser.Selenium">
<arg>${receipt}</arg>
<arg>${order}</arg>
<doc>Verifies that element ``locator`` is found on the current page.</doc>
<msg timestamp="20220106 15:27:01.069" level="INFO">No keyword will be run on failure.</msg>
<msg timestamp="20220106 15:27:01.070" level="INFO">No keyword will be run on failure.</msg>
<msg timestamp="20220106 15:27:01.070" level="INFO">No keyword will be run on failure.</msg>
<msg timestamp="20220106 15:27:01.071" level="INFO">No keyword will be run on failure.</msg>
<msg timestamp="20220106 15:27:01.305" level="FAIL">//*[@id="order"]</msg>
<status status="FAIL" starttime="20220106 15:27:01.067" endtime="20220106 15:27:01.306"/>
</kw>
<kw name="Sleep" library="BuiltIn">
<arg>1s</arg>
<doc>Pauses the test executed for the given time.</doc>
<status status="NOT RUN" starttime="20220106 15:27:01.312" endtime="20220106 15:27:01.314"/>
</kw>
<status status="FAIL" starttime="20220106 15:27:00.865" endtime="20220106 15:27:01.321"/>
</kw>
<kw name="Submited">
<kw name="Set Local Variable" library="BuiltIn">
<arg>${order}</arg>
<arg>//*[@id="order"]</arg>
<doc>Makes a variable available everywhere within the local scope.</doc>
<msg timestamp="20220106 15:27:02.342" level="INFO">${order} = //*[@id="order"]</msg>
<status status="PASS" starttime="20220106 15:27:02.328" endtime="20220106 15:27:02.343"/>
</kw>
<kw name="Set Local Variable" library="BuiltIn">
<arg>${receipt}</arg>
<arg>//*[@id="receipt"]</arg>
<doc>Makes a variable available everywhere within the local scope.</doc>
<msg timestamp="20220106 15:27:02.372" level="INFO">${receipt} = //*[@id="receipt"]</msg>
<status status="PASS" starttime="20220106 15:27:02.349" endtime="20220106 15:27:02.373"/>
</kw>
<kw name="Mute Run On Failure" library="RPA.RobotLogListener">
<arg>Page Should Contain Element</arg>
<doc>Set keywords which should not execute `SeleniumLibrary`
default behaviour of running keyword on failure.</doc>
<kw name="Get Library Instance" library="BuiltIn">
<arg>RPA.Browser</arg>
<doc>Returns the currently active instance of the specified test library.</doc>
<msg timestamp="20220106 15:27:02.384" level="FAIL">No library 'RPA.Browser' found.</msg>
<status status="FAIL" starttime="20220106 15:27:02.379" endtime="20220106 15:27:02.385"/>
</kw>
<kw name="Get Library Instance" library="BuiltIn">
<arg>RPA.Browser.Selenium</arg>
<doc>Returns the currently active instance of the specified test library.</doc>
<status status="PASS" starttime="20220106 15:27:02.389" endtime="20220106 15:27:02.392"/>
</kw>
<status status="PASS" starttime="20220106 15:27:02.375" endtime="20220106 15:27:02.394"/>
</kw>
<kw name="Click Button" library="RPA.Browser.Selenium">
<arg>${order}</arg>
<doc>Clicks the button identified by ``locator``.</doc>
<msg timestamp="20220106 15:27:02.400" level="INFO">Clicking button '//*[@id="order"]'.</msg>
<status status="PASS" starttime="20220106 15:27:02.397" endtime="20220106 15:27:02.512"/>
</kw>
<kw name="Page Should Contain Element" library="RPA.Browser.Selenium">
<arg>${receipt}</arg>
<arg>${order}</arg>
<doc>Verifies that element ``locator`` is found on the current page.</doc>
<msg timestamp="20220106 15:27:02.523" level="INFO">No keyword will be run on failure.</msg>
<msg timestamp="20220106 15:27:02.523" level="INFO">No keyword will be run on failure.</msg>
<msg timestamp="20220106 15:27:02.524" level="INFO">No keyword will be run on failure.</msg>
<msg timestamp="20220106 15:27:02.524" level="INFO">No keyword will be run on failure.</msg>
<msg timestamp="20220106 15:27:02.525" level="INFO">No keyword will be run on failure.</msg>
<msg timestamp="20220106 15:27:02.544" level="INFO">Current page contains element '//*[@id="receipt"]'.</msg>
<status status="PASS" starttime="20220106 15:27:02.518" endtime="20220106 15:27:02.545"/>
</kw>
<kw name="Sleep" library="BuiltIn">
<arg>1s</arg>
<doc>Pauses the test executed for the given time.</doc>
<msg timestamp="20220106 15:27:03.563" level="INFO">Slept 1 second</msg>
<status status="PASS" starttime="20220106 15:27:02.548" endtime="20220106 15:27:03.565"/>
</kw>
<status status="PASS" starttime="20220106 15:27:02.323" endtime="20220106 15:27:03.571"/>
</kw>
<status status="PASS" starttime="20220106 15:27:00.862" endtime="20220106 15:27:03.575"/>
</kw>
<kw name="Store PDF file">
<var>${pdf}</var>
<arg>${row}[Order number]</arg>
<kw name="Get Element Attribute" library="RPA.Browser.Selenium">
<var>${pdf_file}</var>
<arg>id:receipt</arg>
<arg>outerHTML</arg>
<doc>Returns the value of ``attribute`` from the element ``locator``.</doc>
<msg timestamp="20220106 15:27:03.625" level="INFO">${pdf_file} = &lt;div id="receipt" class="alert alert-success" role="alert"&gt;&lt;h3&gt;Receipt&lt;/h3&gt;&lt;div&gt;2022-01-06T09:57:02.493Z&lt;/div&gt;&lt;p class="badge badge-success"&gt;RSB-ROBO-ORDER-VFLDZNCUX&lt;/p&gt;&lt;p&gt;Address 1&lt;/p&gt;&lt;div id="parts"...</msg>
<status status="PASS" starttime="20220106 15:27:03.592" endtime="20220106 15:27:03.626"/>
</kw>
<kw name="Html To Pdf" library="RPA.PDF">
<arg>${pdf_file}</arg>
<arg>e:\\Robot\\Orderobot${/}result${/}Order_${myrow}.pdf</arg>
<doc>Generate a PDF file from HTML content.</doc>
<msg timestamp="20220106 15:27:03.634" level="INFO">Writing output to file E:\Robot\Orderobot\result\Order_4.pdf</msg>
<status status="PASS" starttime="20220106 15:27:03.628" endtime="20220106 15:27:04.086"/>
</kw>
<msg timestamp="20220106 15:27:04.091" level="INFO">${pdf} = e:\Robot\Orderobot\result\Order_4.pdf</msg>
<status status="PASS" starttime="20220106 15:27:03.580" endtime="20220106 15:27:04.091"/>
</kw>
<kw name="Take a screenshot">
<var>${screenshot}</var>
<arg>${row}[Order number]</arg>
<kw name="Capture Element Screenshot" library="RPA.Browser.Selenium">
<arg>//*[@id="robot-preview-image"]</arg>
<arg>e:\\Robot\\Orderobot${/}image${/}Order_${row}.png</arg>
<doc>Captures a screenshot from the element identified by ``locator`` and embeds it into log file.</doc>
<msg timestamp="20220106 15:27:04.319" level="INFO" html="true">&lt;/td&gt;&lt;/tr&gt;&lt;tr&gt;&lt;td colspan="3"&gt;&lt;a href="file:///E:/Robot/Orderobot/image/Order_4.png"&gt;&lt;img src="file:///E:/Robot/Orderobot/image/Order_4.png" width="400px"&gt;&lt;/a&gt;</msg>
<status status="PASS" starttime="20220106 15:27:04.099" endtime="20220106 15:27:04.320"/>
</kw>
<msg timestamp="20220106 15:27:04.326" level="INFO">${screenshot} = e:\Robot\Orderobot\image\Order_4.png</msg>
<status status="PASS" starttime="20220106 15:27:04.093" endtime="20220106 15:27:04.326"/>
</kw>
<kw name="screenshot to the PDF file">
<arg>${row}[Order number]</arg>
<kw name="Create List" library="BuiltIn">
<var>${screenshot}</var>
<arg>e:\\Robot\\Orderobot${/}image${/}Order_${row}.png</arg>
<doc>Returns a list containing given items.</doc>
[...]
</kw>
<kw name="Wait Until Element Is Visible" library="RPA.Browser.Selenium">
<arg>${img_preview}</arg>
<doc>Waits until the element ``locator`` is visible.</doc>
<status status="PASS" starttime="20220106 15:29:48.081" endtime="20220106 15:29:48.256"/>
</kw>
<kw name="Sleep" library="BuiltIn">
<arg>1s</arg>
<doc>Pauses the test executed for the given time.</doc>
<msg timestamp="20220106 15:29:49.283" level="INFO">Slept 1 second</msg>
<status status="PASS" starttime="20220106 15:29:48.263" endtime="20220106 15:29:49.285"/>
</kw>
<status status="PASS" starttime="20220106 15:29:47.751" endtime="20220106 15:29:49.297"/>
</kw>
<status status="PASS" starttime="20220106 15:29:47.747" endtime="20220106 15:29:49.301"/>
</kw>
<kw name="Wait Until Keyword Succeeds" library="BuiltIn">
<arg>10x</arg>
<arg>1s</arg>
<arg>Submited</arg>
<doc>Runs the specified keyword and retries if it fails.</doc>
<kw name="Submited">
<kw name="Set Local Variable" library="BuiltIn">
<arg>${order}</arg>
<arg>//*[@id="order"]</arg>
<doc>Makes a variable available everywhere within the local scope.</doc>
<msg timestamp="20220106 15:29:49.375" level="INFO">${order} = //*[@id="order"]</msg>
<status status="PASS" starttime="20220106 15:29:49.336" endtime="20220106 15:29:49.377"/>
</kw>
<kw name="Set Local Variable" library="BuiltIn">
<arg>${receipt}</arg>
<arg>//*[@id="receipt"]</arg>
<doc>Makes a variable available everywhere within the local scope.</doc>
<msg timestamp="20220106 15:29:49.474" level="INFO">${receipt} = //*[@id="receipt"]</msg>
<status status="PASS" starttime="20220106 15:29:49.382" endtime="20220106 15:29:49.479"/>
</kw>
<kw name="Mute Run On Failure" library="RPA.RobotLogListener">
<arg>Page Should Contain Element</arg>
<doc>Set keywords which should not execute `SeleniumLibrary`
default behaviour of running keyword on failure.</doc>
<kw name="Get Library Instance" library="BuiltIn">
<arg>RPA.Browser</arg>
<doc>Returns the currently active instance of the specified test library.</doc>
<msg timestamp="20220106 15:29:49.530" level="FAIL">No library 'RPA.Browser' found.</msg>
<status status="FAIL" starttime="20220106 15:29:49.501" endtime="20220106 15:29:49.531"/>
</kw>
<kw name="Get Library Instance" library="BuiltIn">
<arg>RPA.Browser.Selenium</arg>
<doc>Returns the currently active instance of the specified test library.</doc>
<status status="PASS" starttime="20220106 15:29:49.536" endtime="20220106 15:29:49.547"/>
</kw>
<status status="PASS" starttime="20220106 15:29:49.486" endtime="20220106 15:29:49.552"/>
</kw>
<kw name="Click Button" library="RPA.Browser.Selenium">
<arg>${order}</arg>
<doc>Clicks the button identified by ``locator``.</doc>
<msg timestamp="20220106 15:29:49.574" level="INFO">Clicking button '//*[@id="order"]'.</msg>
<status status="PASS" starttime="20220106 15:29:49.563" endtime="20220106 15:29:49.895"/>
</kw>
<kw name="Page Should Contain Element" library="RPA.Browser.Selenium">
<arg>${receipt}</arg>
<arg>${order}</arg>
<doc>Verifies that element ``locator`` is found on the current page.</doc>
<msg timestamp="20220106 15:29:49.907" level="INFO">No keyword will be run on failure.</msg>
<msg timestamp="20220106 15:29:49.908" level="INFO">No keyword will be run on failure.</msg>
<msg timestamp="20220106 15:29:49.909" level="INFO">No keyword will be run on failure.</msg>
<msg timestamp="20220106 15:29:49.910" level="INFO">No keyword will be run on failure.</msg>
<msg timestamp="20220106 15:29:49.911" level="INFO">No keyword will be run on failure.</msg>
<msg timestamp="20220106 15:29:49.912" level="INFO">No keyword will be run on failure.</msg>
<msg timestamp="20220106 15:29:49.913" level="INFO">No keyword will be run on failure.</msg>
<msg timestamp="20220106 15:29:49.914" level="INFO">No keyword will be run on failure.</msg>
<msg timestamp="20220106 15:29:49.915" level="INFO">No keyword will be run on failure.</msg>
<msg timestamp="20220106 15:29:49.916" level="INFO">No keyword will be run on failure.</msg>
<msg timestamp="20220106 15:29:49.916" level="INFO">No keyword will be run on failure.</msg>
<msg timestamp="20220106 15:29:49.917" level="INFO">No keyword will be run on failure.</msg>
<msg timestamp="20220106 15:29:49.918" level="INFO">No keyword will be run on failure.</msg>
<msg timestamp="20220106 15:29:49.919" level="INFO">No keyword will be run on failure.</msg>
<msg timestamp="20220106 15:29:49.920" level="INFO">No keyword will be run on failure.</msg>
<msg timestamp="20220106 15:29:49.921" level="INFO">No keyword will be run on failure.</msg>
<msg timestamp="20220106 15:29:49.922" level="INFO">No keyword will be run on failure.</msg>
<msg timestamp="20220106 15:29:49.923" level="INFO">No keyword will be run on failure.</msg>
<msg timestamp="20220106 15:29:49.924" level="INFO">No keyword will be run on failure.</msg>
<msg timestamp="20220106 15:29:49.925" level="INFO">No keyword will be run on failure.</msg>
<msg timestamp="20220106 15:29:49.926" level="INFO">No keyword will be run on failure.</msg>
<msg timestamp="20220106 15:29:49.927" level="INFO">No keyword will be run on failure.</msg>
<msg timestamp="20220106 15:29:49.928" level="INFO">No keyword will be run on failure.</msg>
<msg timestamp="20220106 15:29:49.929" level="INFO">No keyword will be run on failure.</msg>
<msg timestamp="20220106 15:29:49.930" level="INFO">No keyword will be run on failure.</msg>
<msg timestamp="20220106 15:29:49.932" level="INFO">No keyword will be run on failure.</msg>
<msg timestamp="20220106 15:29:49.977" level="INFO">Current page contains element '//*[@id="receipt"]'.</msg>
<status status="PASS" starttime="20220106 15:29:49.901" endtime="20220106 15:29:49.978"/>
</kw>
<kw name="Sleep" library="BuiltIn">
<arg>1s</arg>
<doc>Pauses the test executed for the given time.</doc>
<msg timestamp="20220106 15:29:51.001" level="INFO">Slept 1 second</msg>
<status status="PASS" starttime="20220106 15:29:49.984" endtime="20220106 15:29:51.003"/>
</kw>
<status status="PASS" starttime="20220106 15:29:49.319" endtime="20220106 15:29:51.010"/>
</kw>
<status status="PASS" starttime="20220106 15:29:49.308" endtime="20220106 15:29:51.012"/>
</kw>
<kw name="Store PDF file">
<var>${pdf}</var>
<arg>${row}[Order number]</arg>
<kw name="Get Element Attribute" library="RPA.Browser.Selenium">
<var>${pdf_file}</var>
<arg>id:receipt</arg>
<arg>outerHTML</arg>
<doc>Returns the value of ``attribute`` from the element ``locator``.</doc>
<msg timestamp="20220106 15:29:51.106" level="INFO">${pdf_file} = &lt;div id="receipt" class="alert alert-success" role="alert"&gt;&lt;h3&gt;Receipt&lt;/h3&gt;&lt;div&gt;2022-01-06T09:59:49.834Z&lt;/div&gt;&lt;p class="badge badge-success"&gt;RSB-ROBO-ORDER-Z8VU9ZDL5&lt;/p&gt;&lt;p&gt;Address H&lt;/p&gt;&lt;div id="parts"...</msg>
<status status="PASS" starttime="20220106 15:29:51.023" endtime="20220106 15:29:51.107"/>
</kw>
<kw name="Html To Pdf" library="RPA.PDF">
<arg>${pdf_file}</arg>
<arg>e:\\Robot\\Orderobot${/}result${/}Order_${myrow}.pdf</arg>
<doc>Generate a PDF file from HTML content.</doc>
<msg timestamp="20220106 15:29:51.125" level="INFO">Writing output to file E:\Robot\Orderobot\result\Order_20.pdf</msg>
<status status="PASS" starttime="20220106 15:29:51.114" endtime="20220106 15:29:51.787"/>
</kw>
<msg timestamp="20220106 15:29:51.793" level="INFO">${pdf} = e:\Robot\Orderobot\result\Order_20.pdf</msg>
<status status="PASS" starttime="20220106 15:29:51.014" endtime="20220106 15:29:51.793"/>
</kw>
<kw name="Take a screenshot">
<var>${screenshot}</var>
<arg>${row}[Order number]</arg>
<kw name="Capture Element Screenshot" library="RPA.Browser.Selenium">
<arg>//*[@id="robot-preview-image"]</arg>
<arg>e:\\Robot\\Orderobot${/}image${/}Order_${row}.png</arg>
<doc>Captures a screenshot from the element identified by ``locator`` and embeds it into log file.</doc>
<msg timestamp="20220106 15:29:52.060" level="INFO" html="true">&lt;/td&gt;&lt;/tr&gt;&lt;tr&gt;&lt;td colspan="3"&gt;&lt;a href="file:///E:/Robot/Orderobot/image/Order_20.png"&gt;&lt;img src="file:///E:/Robot/Orderobot/image/Order_20.png" width="400px"&gt;&lt;/a&gt;</msg>
<status status="PASS" starttime="20220106 15:29:51.801" endtime="20220106 15:29:52.062"/>
</kw>
<msg timestamp="20220106 15:29:52.074" level="INFO">${screenshot} = e:\Robot\Orderobot\image\Order_20.png</msg>
<status status="PASS" starttime="20220106 15:29:51.795" endtime="20220106 15:29:52.075"/>
</kw>
<kw name="screenshot to the PDF file">
<arg>${row}[Order number]</arg>
<kw name="Create List" library="BuiltIn">
<var>${screenshot}</var>
<arg>e:\\Robot\\Orderobot${/}image${/}Order_${row}.png</arg>
<doc>Returns a list containing given items.</doc>
<msg timestamp="20220106 15:29:52.106" level="INFO">${screenshot} = ['e:\\Robot\\Orderobot\\image\\Order_20.png']</msg>
<status status="PASS" starttime="20220106 15:29:52.093" endtime="20220106 15:29:52.107"/>
</kw>
<kw name="Add Files To Pdf" library="RPA.PDF">
<arg>${screenshot}</arg>
<arg>e:\\Robot\\Orderobot${/}result${/}Order_${row}.pdf</arg>
<arg>True</arg>
<doc>Add images and/or pdfs to new PDF document</doc>
<msg timestamp="20220106 15:29:52.136" level="INFO">Adding page: 0</msg>
<msg timestamp="20220106 15:29:52.143" level="INFO">File e:\Robot\Orderobot\image\Order_20.png type: png</msg>
<msg timestamp="20220106 15:29:52.144" level="INFO">Image parameters: {}</msg>
<status status="PASS" starttime="20220106 15:29:52.114" endtime="20220106 15:29:55.554"/>
</kw>
<status status="PASS" starttime="20220106 15:29:52.080" endtime="20220106 15:29:55.561"/>
</kw>
<kw name="Go to order another robot">
<kw name="Set Local Variable" library="BuiltIn">
<arg>${order_another_robot}</arg>
<arg>//*[@id="order-another"]</arg>
<doc>Makes a variable available everywhere within the local scope.</doc>
<msg timestamp="20220106 15:29:55.618" level="INFO">${order_another_robot} = //*[@id="order-another"]</msg>
<status status="PASS" starttime="20220106 15:29:55.578" endtime="20220106 15:29:55.619"/>
</kw>
<kw name="Click Button" library="RPA.Browser.Selenium">
<arg>${order_another_robot}</arg>
<doc>Clicks the button identified by ``locator``.</doc>
<msg timestamp="20220106 15:29:55.637" level="INFO">Clicking button '//*[@id="order-another"]'.</msg>
<status status="PASS" starttime="20220106 15:29:55.626" endtime="20220106 15:29:56.323"/>
</kw>
<kw name="Sleep" library="BuiltIn">
<arg>1s</arg>
<doc>Pauses the test executed for the given time.</doc>
<msg timestamp="20220106 15:29:57.343" level="INFO">Slept 1 second</msg>
<status status="PASS" starttime="20220106 15:29:56.329" endtime="20220106 15:29:57.345"/>
</kw>
<status status="PASS" starttime="20220106 15:29:55.566" endtime="20220106 15:29:57.354"/>
</kw>
<kw name="annoying model">
<kw name="Set Local Variable" library="BuiltIn">
<arg>${btn_yep}</arg>
<arg>//*[@id="root"]/div/div[2]/div/div/div/div/div/button[2]</arg>
<doc>Makes a variable available everywhere within the local scope.</doc>
<msg timestamp="20220106 15:29:57.415" level="INFO">${btn_yep} = //*[@id="root"]/div/div[2]/div/div/div/div/div/button[2]</msg>
<status status="PASS" starttime="20220106 15:29:57.384" endtime="20220106 15:29:57.416"/>
</kw>
<kw name="Wait And Click Button" library="RPA.Browser.Selenium">
<arg>${btn_yep}</arg>
<doc>Click button identified by ``locator``, once it becomes visible.</doc>
<msg timestamp="20220106 15:29:57.561" level="INFO">Clicking button '//*[@id="root"]/div/div[2]/div/div/div/div/div/button[2]'.</msg>
<status status="PASS" starttime="20220106 15:29:57.423" endtime="20220106 15:29:57.718"/>
</kw>
<status status="PASS" starttime="20220106 15:29:57.367" endtime="20220106 15:29:57.723"/>
</kw>
<status status="PASS" starttime="20220106 15:29:45.966" endtime="20220106 15:29:57.725"/>
</iter>
<status status="PASS" starttime="20220106 15:26:27.725" endtime="20220106 15:29:57.727"/>
</for>
<kw name="Create a ZIP file">
<kw name="Archive Folder With Zip" library="RPA.Archive">
<arg>${PDFFolder}</arg>
<arg>${zip_file}</arg>
<arg>recursive=True</arg>
<arg>include=*.pdf</arg>
<doc>Create a zip archive of a folder</doc>
<status status="PASS" starttime="20220106 15:29:57.738" endtime="20220106 15:29:58.322"/>
</kw>
<status status="PASS" starttime="20220106 15:29:57.732" endtime="20220106 15:29:58.331"/>
</kw>
<kw name="Log out browser">
<kw name="Close Browser" library="RPA.Browser.Selenium">
<doc>Closes the current browser.</doc>
<status status="PASS" starttime="20220106 15:29:58.356" endtime="20220106 15:30:05.971"/>
</kw>
<kw name="Sleep" library="BuiltIn">
<arg>1s</arg>
<doc>Pauses the test executed for the given time.</doc>
<msg timestamp="20220106 15:30:06.988" level="INFO">Slept 1 second</msg>
<status status="PASS" starttime="20220106 15:30:05.975" endtime="20220106 15:30:06.989"/>
</kw>
<status status="PASS" starttime="20220106 15:29:58.343" endtime="20220106 15:30:06.992"/>
</kw>
<kw name="Display the success dialog">
<kw name="Add icon" library="RPA.Dialogs">
<arg>Success</arg>
<doc>Add an icon element</doc>
<status status="PASS" starttime="20220106 15:30:07.001" endtime="20220106 15:30:07.006"/>
</kw>
<kw name="Add heading" library="RPA.Dialogs">
<arg>Your orders have been processed</arg>
<doc>Add a centered heading text element</doc>
<status status="PASS" starttime="20220106 15:30:07.008" endtime="20220106 15:30:07.012"/>
</kw>
<kw name="Add files" library="RPA.Dialogs">
<arg>all orders have been processed.</arg>
<doc>Add multiple file elements according to the given file pattern</doc>
<status status="PASS" starttime="20220106 15:30:07.014" endtime="20220106 15:30:07.019"/>
</kw>
<kw name="Run dialog" library="RPA.Dialogs">
<arg>title=Success</arg>
<tag>dialog</tag>
<doc>Create a dialog from all the defined elements and block
until the user has handled it.</doc>
<msg timestamp="20220106 15:30:07.024" level="INFO">Protecting keyword: RPA.Dialogs.Run dialog</msg>
<msg timestamp="20220106 15:30:24.589" level="INFO">Log level changed from NONE to INFO.</msg>
<status status="PASS" starttime="20220106 15:30:07.022" endtime="20220106 15:30:24.583"/>
</kw>
<kw name="Close Browser" library="RPA.Browser.Selenium">
<doc>Closes the current browser.</doc>
<status status="PASS" starttime="20220106 15:30:24.593" endtime="20220106 15:30:24.597"/>
</kw>
<status status="PASS" starttime="20220106 15:30:06.996" endtime="20220106 15:30:24.600"/>
</kw>
<kw name="Get The User Name">
<kw name="Add heading" library="RPA.Dialogs">
<arg>i am your future</arg>
<doc>Add a centered heading text element</doc>
<status status="PASS" starttime="20220106 15:30:24.612" endtime="20220106 15:30:24.617"/>
</kw>
<kw name="Add text input" library="RPA.Dialogs">
<arg>myway</arg>
<arg>label= tell me about something?</arg>
<arg>placeholder= user give some input</arg>
<tag>input</tag>
<doc>Add a text input element</doc>
<status status="PASS" starttime="20220106 15:30:24.620" endtime="20220106 15:30:24.625"/>
</kw>
<kw name="Run dialog" library="RPA.Dialogs">
<var>${myarray}</var>
<tag>dialog</tag>
<doc>Create a dialog from all the defined elements and block
until the user has handled it.</doc>
<msg timestamp="20220106 15:30:24.629" level="INFO">Protecting keyword: RPA.Dialogs.Run dialog</msg>
<msg timestamp="20220106 15:30:41.441" level="INFO">Log level changed from NONE to INFO.</msg>
<status status="PASS" starttime="20220106 15:30:24.628" endtime="20220106 15:30:41.432"/>
</kw>
<status status="PASS" starttime="20220106 15:30:24.604" endtime="20220106 15:30:41.460"/>
</kw>
<kw name="Get credentials">
<kw name="Log To Console" library="BuiltIn">
<arg>Getting Secret from our Vault</arg>
<doc>Logs the given message to the console.</doc>
<status status="PASS" starttime="20220106 15:30:41.486" endtime="20220106 15:30:41.502"/>
</kw>
<kw name="Get Secret" library="RPA.Robocorp.Vault">
<var>${robotsparebin}</var>
<arg>robotsparebin</arg>
<doc>Read a secret from the configured source, e.g. Robocorp Vault,
and return it as a ``Secret`` object.</doc>
<msg timestamp="20220106 15:30:41.520" level="INFO">Protecting keyword: RPA.Robocorp.Vault.Get Secret</msg>
<msg timestamp="20220106 15:30:41.534" level="INFO">Log level changed from NONE to INFO.</msg>
<status status="PASS" starttime="20220106 15:30:41.511" endtime="20220106 15:30:41.530"/>
</kw>
<kw name="Open Available Browser" library="RPA.Browser.Selenium">
<arg>https://robotsparebinindustries.com/#/</arg>
<doc>Attempts to open a browser on the user's device from a set of
supported browsers. Automatically downloads a corresponding webdriver
if none is already installed.</doc>
<msg timestamp="20220106 15:30:41.543" level="INFO">Creating an instance of the Chrome WebDriver.</msg>
<msg timestamp="20220106 15:30:41.693" level="INFO">Created download root directory: C:\Users\yaraz\AppData\Local\robocorp\webdrivers</msg>
<msg timestamp="20220106 15:30:41.694" level="INFO">Created symlink directory: C:\Users\yaraz\AppData\Local\robocorp\webdrivers</msg>
<msg timestamp="20220106 15:30:41.698" level="INFO">Creating an instance of the Chrome WebDriver.</msg>
<msg timestamp="20220106 15:30:48.904" level="INFO">Created Chrome browser with arguments: --disable-dev-shm-usage --disable-web-security --allow-running-insecure-content --no-sandbox</msg>
<msg timestamp="20220106 15:30:48.905" level="INFO" html="true">&lt;p&gt;Attempted combinations:&lt;/p&gt;&lt;div class="doc"&gt;&lt;table&gt;&lt;tr&gt;&lt;th&gt;Browser&lt;/th&gt;&lt;th&gt;Download&lt;/th&gt;&lt;th&gt;Error&lt;/th&gt;&lt;/tr&gt;&lt;tr&gt;&lt;td&gt;Chrome&lt;/td&gt;&lt;td&gt;False&lt;/td&gt;&lt;td&gt;Message: 'chromedriver' executable needs to be in PATH. Please see https://sites.google.com/a/chromium.org/chromedriver/home
&lt;/td&gt;&lt;/tr&gt;&lt;tr&gt;&lt;td&gt;Chrome&lt;/td&gt;&lt;td&gt;True&lt;/td&gt;&lt;td&gt;&lt;/td&gt;&lt;/tr&gt;&lt;/table&gt;&lt;/div&gt;</msg>
<msg timestamp="20220106 15:30:48.906" level="INFO">Opening url 'https://robotsparebinindustries.com/#/'</msg>
<status status="PASS" starttime="20220106 15:30:41.536" endtime="20220106 15:30:50.977"/>
</kw>
<kw name="Input Text" library="RPA.Browser.Selenium">
<arg>id:username</arg>
<arg>${robotsparebin}[username]</arg>
<doc>Types the given ``text`` into the text field identified by ``locator``.</doc>
<msg timestamp="20220106 15:30:50.992" level="INFO">Typing text 'maria' into text field 'id:username'.</msg>
<status status="PASS" starttime="20220106 15:30:50.984" endtime="20220106 15:30:51.201"/>
</kw>
<kw name="Input Password" library="RPA.Browser.Selenium">
<arg>id:password</arg>
<arg>${robotsparebin}[password]</arg>
<doc>Types the given password into the text field identified by ``locator``.</doc>
<msg timestamp="20220106 15:30:51.214" level="INFO">Typing password into text field 'id:password'.</msg>
<msg timestamp="20220106 15:30:51.318" level="INFO">Temporally setting log level to: NONE</msg>
<msg timestamp="20220106 15:30:51.464" level="INFO">Log level changed from NONE to INFO.</msg>
<status status="PASS" starttime="20220106 15:30:51.205" endtime="20220106 15:30:51.464"/>
</kw>
<kw name="Sleep" library="BuiltIn">
<arg>3s</arg>
<doc>Pauses the test executed for the given time.</doc>
<msg timestamp="20220106 15:30:54.470" level="INFO">Slept 3 seconds</msg>
<status status="PASS" starttime="20220106 15:30:51.467" endtime="20220106 15:30:54.471"/>
</kw>
<kw name="Close Browser" library="RPA.Browser.Selenium">
<doc>Closes the current browser.</doc>
<status status="PASS" starttime="20220106 15:30:54.474" endtime="20220106 15:30:56.935"/>
</kw>
<status status="PASS" starttime="20220106 15:30:41.468" endtime="20220106 15:30:56.939"/>
</kw>
<status status="PASS" starttime="20220106 15:26:03.112" endtime="20220106 15:30:56.944"/>
</test>
<status status="PASS" starttime="20220106 15:25:46.274" endtime="20220106 15:30:56.958"/>
</suite>
<statistics>
<total>
<stat pass="1" fail="0" skip="0">All Tasks</stat>
</total>
<tag>
</tag>
<suite>
<stat pass="1" fail="0" skip="0" id="s1" name="Tasks">Tasks</stat>
</suite>
</statistics>
<errors>
</errors>
</robot>
